

*******************************************************************************
Thu Aug  2 17:03:58 2012


FIT:    data read from '3Dvlt_macro_cp_Tv_Op42_Kth4.147_P00.050_DK05e-07_lmax100_dl1e-05.dat' using 4:14
        format = x:z
	y range restricted to [5.00000e-06 : 0.00100000]
        #datapoints = 24
        residuals are weighted equally (unit weight)

function used for fitting: f1(x)
fitted parameters initialized with current variable values



 Iteration 0
 WSSR        : 662290            delta(WSSR)/WSSR   : 0
 delta(WSSR) : 0                 limit for stopping : 1e-05
 lambda	  : 0.935599

initial set of free parameter values

c1              = 1
d1              = 1

After 5 iterations the fit converged.
final sum of squares of residuals : 0.0573756
rel. change during last iteration : -6.65162e-07

degrees of freedom    (FIT_NDF)                        : 22
rms of residuals      (FIT_STDFIT) = sqrt(WSSR/ndf)    : 0.0510684
variance of residuals (reduced chisquare) = WSSR/ndf   : 0.00260798

Final set of parameters            Asymptotic Standard Error
=======================            ==========================

c1              = -1426.66         +/- 0.5012       (0.03513%)
d1              = 1401.05          +/- 0.4343       (0.031%)


correlation matrix of the fit parameters:

               c1     d1     
c1              1.000 
d1             -1.000  1.000 


*******************************************************************************
Thu Aug  2 17:03:58 2012


FIT:    data read from '3Dvlt_macro_cp_Tv_Op42_Kth4.147_P01.646_DK05e-07_lmax100_dl1e-05.dat' using 4:14
        format = x:z
	y range restricted to [5.00000e-06 : 0.00100000]
        #datapoints = 24
        residuals are weighted equally (unit weight)

function used for fitting: f2(x)
fitted parameters initialized with current variable values



 Iteration 0
 WSSR        : 672773            delta(WSSR)/WSSR   : 0
 delta(WSSR) : 0                 limit for stopping : 1e-05
 lambda	  : 0.935599

initial set of free parameter values

c2              = 1
d2              = 1

After 5 iterations the fit converged.
final sum of squares of residuals : 0.0637676
rel. change during last iteration : -6.0637e-07

degrees of freedom    (FIT_NDF)                        : 22
rms of residuals      (FIT_STDFIT) = sqrt(WSSR/ndf)    : 0.053838
variance of residuals (reduced chisquare) = WSSR/ndf   : 0.00289853

Final set of parameters            Asymptotic Standard Error
=======================            ==========================

c2              = -1435.92         +/- 0.5284       (0.0368%)
d2              = 1410.37          +/- 0.4578       (0.03246%)


correlation matrix of the fit parameters:

               c2     d2     
c2              1.000 
d2             -1.000  1.000 


*******************************************************************************
Thu Aug  2 17:03:58 2012


FIT:    data read from '3Dvlt_macro_cp_Tv_Op42_Kth4.147_P07.328_DK05e-07_lmax100_dl1e-05.dat' using 4:14
        format = x:z
	y range restricted to [5.00000e-06 : 0.00100000]
        #datapoints = 24
        residuals are weighted equally (unit weight)

function used for fitting: f3(x)
fitted parameters initialized with current variable values



 Iteration 0
 WSSR        : 680337            delta(WSSR)/WSSR   : 0
 delta(WSSR) : 0                 limit for stopping : 1e-05
 lambda	  : 0.935599

initial set of free parameter values

c3              = 1
d3              = 1

After 5 iterations the fit converged.
final sum of squares of residuals : 0.027966
rel. change during last iteration : -1.37248e-06

degrees of freedom    (FIT_NDF)                        : 22
rms of residuals      (FIT_STDFIT) = sqrt(WSSR/ndf)    : 0.0356537
variance of residuals (reduced chisquare) = WSSR/ndf   : 0.00127118

Final set of parameters            Asymptotic Standard Error
=======================            ==========================

c3              = -1429.85         +/- 0.3499       (0.02447%)
d3              = 1406.08          +/- 0.3032       (0.02156%)


correlation matrix of the fit parameters:

               c3     d3     
c3              1.000 
d3             -1.000  1.000 


*******************************************************************************
Thu Aug  2 17:03:58 2012


FIT:    data read from '3Dvlt_macro_cp_Tv_Op42_Kth4.147_P15.031_DK05e-07_lmax100_dl1e-05.dat' using 4:14
        format = x:z
	y range restricted to [5.00000e-06 : 0.00100000]
        #datapoints = 24
        residuals are weighted equally (unit weight)

function used for fitting: f4(x)
fitted parameters initialized with current variable values



 Iteration 0
 WSSR        : 632825            delta(WSSR)/WSSR   : 0
 delta(WSSR) : 0                 limit for stopping : 1e-05
 lambda	  : 0.935599

initial set of free parameter values

c4              = 1
d4              = 1

After 5 iterations the fit converged.
final sum of squares of residuals : 0.18747
rel. change during last iteration : -1.8411e-07

degrees of freedom    (FIT_NDF)                        : 22
rms of residuals      (FIT_STDFIT) = sqrt(WSSR/ndf)    : 0.0923113
variance of residuals (reduced chisquare) = WSSR/ndf   : 0.00852138

Final set of parameters            Asymptotic Standard Error
=======================            ==========================

c4              = -1354.48         +/- 0.906        (0.06689%)
d4              = 1334.99          +/- 0.785        (0.0588%)


correlation matrix of the fit parameters:

               c4     d4     
c4              1.000 
d4             -1.000  1.000 


*******************************************************************************
Thu Aug  2 17:03:58 2012


FIT:    data read from '3Dvlt_macro_cp_Tv_Op42_Kth4.147_P18.180_DK05e-07_lmax100_dl1e-05.dat' using 4:14
        format = x:z
	y range restricted to [5.00000e-06 : 0.00100000]
        #datapoints = 24
        residuals are weighted equally (unit weight)

function used for fitting: f5(x)
fitted parameters initialized with current variable values



 Iteration 0
 WSSR        : 604836            delta(WSSR)/WSSR   : 0
 delta(WSSR) : 0                 limit for stopping : 1e-05
 lambda	  : 0.935599

initial set of free parameter values

c5              = 1
d5              = 1

After 5 iterations the fit converged.
final sum of squares of residuals : 0.224795
rel. change during last iteration : -1.44359e-07

degrees of freedom    (FIT_NDF)                        : 22
rms of residuals      (FIT_STDFIT) = sqrt(WSSR/ndf)    : 0.101084
variance of residuals (reduced chisquare) = WSSR/ndf   : 0.0102179

Final set of parameters            Asymptotic Standard Error
=======================            ==========================

c5              = -1312.67         +/- 0.9921       (0.07558%)
d5              = 1295.25          +/- 0.8596       (0.06637%)


correlation matrix of the fit parameters:

               c5     d5     
c5              1.000 
d5             -1.000  1.000 


*******************************************************************************
Thu Aug  2 17:03:58 2012


FIT:    data read from '3Dvlt_macro_cp_Tv_Op42_Kth4.147_P22.533_DK05e-07_lmax100_dl1e-05.dat' using 4:14
        format = x:z
	y range restricted to [5.00000e-06 : 0.00100000]
        #datapoints = 24
        residuals are weighted equally (unit weight)

function used for fitting: f6(x)
fitted parameters initialized with current variable values



 Iteration 0
 WSSR        : 567657            delta(WSSR)/WSSR   : 0
 delta(WSSR) : 0                 limit for stopping : 1e-05
 lambda	  : 0.935599

initial set of free parameter values

c6              = 1
d6              = 1

After 5 iterations the fit converged.
final sum of squares of residuals : 0.172952
rel. change during last iteration : -1.7004e-07

degrees of freedom    (FIT_NDF)                        : 22
rms of residuals      (FIT_STDFIT) = sqrt(WSSR/ndf)    : 0.0886649
variance of residuals (reduced chisquare) = WSSR/ndf   : 0.00786147

Final set of parameters            Asymptotic Standard Error
=======================            ==========================

c6              = -1248.23         +/- 0.8702       (0.06972%)
d6              = 1234.64          +/- 0.754        (0.06107%)


correlation matrix of the fit parameters:

               c6     d6     
c6              1.000 
d6             -1.000  1.000 


*******************************************************************************
Thu Aug  2 17:03:58 2012


FIT:    data read from '3Dvlt_macro_cp_Tv_Op42_Kth4.147_P25.868_DK05e-07_lmax100_dl1e-05.dat' using 4:14
        format = x:z
	y range restricted to [5.00000e-06 : 0.00100000]
        #datapoints = 24
        residuals are weighted equally (unit weight)

function used for fitting: f7(x)
fitted parameters initialized with current variable values



 Iteration 0
 WSSR        : 544558            delta(WSSR)/WSSR   : 0
 delta(WSSR) : 0                 limit for stopping : 1e-05
 lambda	  : 0.935599

initial set of free parameter values

c7              = 1
d7              = 1

After 5 iterations the fit converged.
final sum of squares of residuals : 0.176128
rel. change during last iteration : -1.54425e-07

degrees of freedom    (FIT_NDF)                        : 22
rms of residuals      (FIT_STDFIT) = sqrt(WSSR/ndf)    : 0.0894753
variance of residuals (reduced chisquare) = WSSR/ndf   : 0.00800583

Final set of parameters            Asymptotic Standard Error
=======================            ==========================

c7              = -1199            +/- 0.8782       (0.07324%)
d7              = 1188.96          +/- 0.7609       (0.064%)


correlation matrix of the fit parameters:

               c7     d7     
c7              1.000 
d7             -1.000  1.000 
