

*******************************************************************************
Thu Oct 20 17:48:59 2011


FIT:    data read from '3Dvlt_macro_cp_P00.050_DK05e-07_i47.dat' using 2:9
        format = x:z
	y range restricted to [5.00000e-06 : 0.00100000]
        #datapoints = 13
        residuals are weighted equally (unit weight)

function used for fitting: f1(x)
fitted parameters initialized with current variable values



 Iteration 0
 WSSR        : 362752            delta(WSSR)/WSSR   : 0
 delta(WSSR) : 0                 limit for stopping : 1e-05
 lambda	  : 0.935179

initial set of free parameter values

c1              = 1
d1              = 1

After 6 iterations the fit converged.
final sum of squares of residuals : 0.00837301
rel. change during last iteration : 0

degrees of freedom    (FIT_NDF)                        : 11
rms of residuals      (FIT_STDFIT) = sqrt(WSSR/ndf)    : 0.0275895
variance of residuals (reduced chisquare) = WSSR/ndf   : 0.000761183

Final set of parameters            Asymptotic Standard Error
=======================            ==========================

c1              = -1423.62         +/- 0.3922       (0.02755%)
d1              = 1398.44          +/- 0.3395       (0.02428%)


correlation matrix of the fit parameters:

               c1     d1     
c1              1.000 
d1             -1.000  1.000 


*******************************************************************************
Thu Oct 20 17:48:59 2011


FIT:    data read from '3Dvlt_macro_cp_P01.646_DK05e-07_i47.dat' using 2:9
        format = x:z
	y range restricted to [5.00000e-06 : 0.00100000]
        #datapoints = 13
        residuals are weighted equally (unit weight)

function used for fitting: f2(x)
fitted parameters initialized with current variable values



 Iteration 0
 WSSR        : 365253            delta(WSSR)/WSSR   : 0
 delta(WSSR) : 0                 limit for stopping : 1e-05
 lambda	  : 0.935179

initial set of free parameter values

c2              = 1
d2              = 1

After 6 iterations the fit converged.
final sum of squares of residuals : 0.00690051
rel. change during last iteration : -1.11504e-12

degrees of freedom    (FIT_NDF)                        : 11
rms of residuals      (FIT_STDFIT) = sqrt(WSSR/ndf)    : 0.0250463
variance of residuals (reduced chisquare) = WSSR/ndf   : 0.000627319

Final set of parameters            Asymptotic Standard Error
=======================            ==========================

c2              = -1433.09         +/- 0.3561       (0.02485%)
d2              = 1407.18          +/- 0.3082       (0.0219%)


correlation matrix of the fit parameters:

               c2     d2     
c2              1.000 
d2             -1.000  1.000 


*******************************************************************************
Thu Oct 20 17:48:59 2011


FIT:    data read from '3Dvlt_macro_cp_P07.328_DK05e-07_i47.dat' using 2:9
        format = x:z
	y range restricted to [5.00000e-06 : 0.00100000]
        #datapoints = 13
        residuals are weighted equally (unit weight)

function used for fitting: f3(x)
fitted parameters initialized with current variable values



 Iteration 0
 WSSR        : 359511            delta(WSSR)/WSSR   : 0
 delta(WSSR) : 0                 limit for stopping : 1e-05
 lambda	  : 0.935179

initial set of free parameter values

c3              = 1
d3              = 1

After 6 iterations the fit converged.
final sum of squares of residuals : 0.00422526
rel. change during last iteration : -1.17851e-12

degrees of freedom    (FIT_NDF)                        : 11
rms of residuals      (FIT_STDFIT) = sqrt(WSSR/ndf)    : 0.0195988
variance of residuals (reduced chisquare) = WSSR/ndf   : 0.000384114

Final set of parameters            Asymptotic Standard Error
=======================            ==========================

c3              = -1426.6          +/- 0.2786       (0.01953%)
d3              = 1400.25          +/- 0.2412       (0.01722%)


correlation matrix of the fit parameters:

               c3     d3     
c3              1.000 
d3             -1.000  1.000 


*******************************************************************************
Thu Oct 20 17:48:59 2011


FIT:    data read from '3Dvlt_macro_cp_P15.031_DK05e-07_i47.dat' using 2:9
        format = x:z
	y range restricted to [5.00000e-06 : 0.00100000]
        #datapoints = 13
        residuals are weighted equally (unit weight)

function used for fitting: f4(x)
fitted parameters initialized with current variable values



 Iteration 0
 WSSR        : 319869            delta(WSSR)/WSSR   : 0
 delta(WSSR) : 0                 limit for stopping : 1e-05
 lambda	  : 0.935179

initial set of free parameter values

c4              = 1
d4              = 1

After 6 iterations the fit converged.
final sum of squares of residuals : 0.0143182
rel. change during last iteration : -8.8201e-13

degrees of freedom    (FIT_NDF)                        : 11
rms of residuals      (FIT_STDFIT) = sqrt(WSSR/ndf)    : 0.0360784
variance of residuals (reduced chisquare) = WSSR/ndf   : 0.00130165

Final set of parameters            Asymptotic Standard Error
=======================            ==========================

c4              = -1352.33         +/- 0.5129       (0.03793%)
d4              = 1326.66          +/- 0.4439       (0.03346%)


correlation matrix of the fit parameters:

               c4     d4     
c4              1.000 
d4             -1.000  1.000 


*******************************************************************************
Thu Oct 20 17:48:59 2011


FIT:    data read from '3Dvlt_macro_cp_P18.180_DK05e-07_i47.dat' using 2:9
        format = x:z
	y range restricted to [5.00000e-06 : 0.00100000]
        #datapoints = 13
        residuals are weighted equally (unit weight)

function used for fitting: f5(x)
fitted parameters initialized with current variable values



 Iteration 0
 WSSR        : 297133            delta(WSSR)/WSSR   : 0
 delta(WSSR) : 0                 limit for stopping : 1e-05
 lambda	  : 0.935179

initial set of free parameter values

c5              = 1
d5              = 1

After 6 iterations the fit converged.
final sum of squares of residuals : 0.00810173
rel. change during last iteration : -4.04682e-14

degrees of freedom    (FIT_NDF)                        : 11
rms of residuals      (FIT_STDFIT) = sqrt(WSSR/ndf)    : 0.0271389
variance of residuals (reduced chisquare) = WSSR/ndf   : 0.000736521

Final set of parameters            Asymptotic Standard Error
=======================            ==========================

c5              = -1310.57         +/- 0.3858       (0.02944%)
d5              = 1284.9           +/- 0.3339       (0.02599%)


correlation matrix of the fit parameters:

               c5     d5     
c5              1.000 
d5             -1.000  1.000 


*******************************************************************************
Thu Oct 20 17:48:59 2011


FIT:    data read from '3Dvlt_macro_cp_P22.533_DK05e-07_i47.dat' using 2:9
        format = x:z
	y range restricted to [5.00000e-06 : 0.00100000]
        #datapoints = 13
        residuals are weighted equally (unit weight)

function used for fitting: f6(x)
fitted parameters initialized with current variable values



 Iteration 0
 WSSR        : 265109            delta(WSSR)/WSSR   : 0
 delta(WSSR) : 0                 limit for stopping : 1e-05
 lambda	  : 0.935179

initial set of free parameter values

c6              = 1
d6              = 1

After 6 iterations the fit converged.
final sum of squares of residuals : 0.0135756
rel. change during last iteration : -2.15365e-12

degrees of freedom    (FIT_NDF)                        : 11
rms of residuals      (FIT_STDFIT) = sqrt(WSSR/ndf)    : 0.0351304
variance of residuals (reduced chisquare) = WSSR/ndf   : 0.00123414

Final set of parameters            Asymptotic Standard Error
=======================            ==========================

c6              = -1246.39         +/- 0.4994       (0.04007%)
d6              = 1221.08          +/- 0.4323       (0.0354%)


correlation matrix of the fit parameters:

               c6     d6     
c6              1.000 
d6             -1.000  1.000 


*******************************************************************************
Thu Oct 20 17:48:59 2011


FIT:    data read from '3Dvlt_macro_cp_P25.868_DK05e-07_i47.dat' using 2:9
        format = x:z
	y range restricted to [5.00000e-06 : 0.00100000]
        #datapoints = 13
        residuals are weighted equally (unit weight)

function used for fitting: f7(x)
fitted parameters initialized with current variable values



 Iteration 0
 WSSR        : 243692            delta(WSSR)/WSSR   : 0
 delta(WSSR) : 0                 limit for stopping : 1e-05
 lambda	  : 0.935179

initial set of free parameter values

c7              = 1
d7              = 1

After 6 iterations the fit converged.
final sum of squares of residuals : 0.0308153
rel. change during last iteration : 0

degrees of freedom    (FIT_NDF)                        : 11
rms of residuals      (FIT_STDFIT) = sqrt(WSSR/ndf)    : 0.0529282
variance of residuals (reduced chisquare) = WSSR/ndf   : 0.00280139

Final set of parameters            Asymptotic Standard Error
=======================            ==========================

c7              = -1194.45         +/- 0.7525       (0.063%)
d7              = 1170.33          +/- 0.6513       (0.05565%)


correlation matrix of the fit parameters:

               c7     d7     
c7              1.000 
d7             -1.000  1.000 
