This is pdfTeXk, Version 3.141592-1.40.3 (Web2C 7.5.6) (format=pdflatex 2009.10.1)  12 FEB 2010 12:48
entering extended mode
 %&-line parsing enabled.
**ProgramPlots1.tex
(./ProgramPlots1.tex
LaTeX2e <2005/12/01>
Babel <v3.8h> and hyphenation patterns for english, usenglishmax, dumylang, noh
yphenation, ukrainian, russian, bulgarian, loaded.
(/home/zero/texmf/tex/latex/physnote/classarticle/article.cls
Document Class: article 2004/02/16 v1.4f Standard LaTeX document class
(/usr/share/texmf-texlive/tex/latex/base/size11.clo
File: size11.clo 2005/09/16 v1.4f Standard LaTeX file (size option)
)
\c@part=\count79
\c@section=\count80
\c@subsection=\count81
\c@subsubsection=\count82
\c@paragraph=\count83
\c@subparagraph=\count84
\c@figure=\count85
\c@table=\count86
\abovecaptionskip=\skip41
\belowcaptionskip=\skip42
\bibindent=\dimen102
)
\@input{PhysNote.aux}
\openout2 = `PhysNote.aux'.

(/home/zero/texmf/tex/latex/physnote/PhysNote.tex
(/usr/share/texmf-texlive/tex/latex/base/ifthen.sty
Package: ifthen 2001/05/26 v1.1c Standard LaTeX ifthen package (DPC)
)
(/usr/share/texmf-texlive/tex/latex/geometry/geometry.sty
Package: geometry 2002/07/08 v3.2 Page Geometry

(/usr/share/texmf-texlive/tex/latex/graphics/keyval.sty
Package: keyval 1999/03/16 v1.13 key=value parser (DPC)
\KV@toks@=\toks14
)
\Gm@cnth=\count87
\Gm@cntv=\count88
\c@Gm@tempcnt=\count89
\Gm@bindingoffset=\dimen103
\Gm@wd@mp=\dimen104
\Gm@odd@mp=\dimen105
\Gm@even@mp=\dimen106
\Gm@dimlist=\toks15
)
(/usr/share/texmf-texlive/tex/latex/tools/multicol.sty
Package: multicol 2006/05/18 v1.6g multicolumn formatting (FMi)
\c@tracingmulticols=\count90
\mult@box=\box26
\multicol@leftmargin=\dimen107
\c@unbalance=\count91
\c@collectmore=\count92
\doublecol@number=\count93
\multicoltolerance=\count94
\multicolpretolerance=\count95
\full@width=\dimen108
\page@free=\dimen109
\premulticols=\dimen110
\postmulticols=\dimen111
\multicolsep=\skip43
\multicolbaselineskip=\skip44
\partial@page=\box27
\last@line=\box28
\mult@rightbox=\box29
\mult@grightbox=\box30
\mult@gfirstbox=\box31
\mult@firstbox=\box32
\@tempa=\box33
\@tempa=\box34
\@tempa=\box35
\@tempa=\box36
\@tempa=\box37
\@tempa=\box38
\@tempa=\box39
\@tempa=\box40
\@tempa=\box41
\@tempa=\box42
\@tempa=\box43
\@tempa=\box44
\@tempa=\box45
\@tempa=\box46
\@tempa=\box47
\@tempa=\box48
\@tempa=\box49
\c@columnbadness=\count96
\c@finalcolumnbadness=\count97
\last@try=\dimen112
\multicolovershoot=\dimen113
\multicolundershoot=\dimen114
\mult@nat@firstbox=\box50
\colbreak@box=\box51
)
(/usr/share/texmf-texlive/tex/latex/graphics/graphicx.sty
Package: graphicx 1999/02/16 v1.0f Enhanced LaTeX Graphics (DPC,SPQR)

(/usr/share/texmf-texlive/tex/latex/graphics/graphics.sty
Package: graphics 2006/02/20 v1.0o Standard LaTeX Graphics (DPC,SPQR)

(/usr/share/texmf-texlive/tex/latex/graphics/trig.sty
Package: trig 1999/03/16 v1.09 sin cos tan (DPC)
)
(/etc/texmf/tex/latex/config/graphics.cfg
File: graphics.cfg 2007/01/18 v1.5 graphics configuration of teTeX/TeXLive
)
Package graphics Info: Driver file: pdftex.def on input line 90.

(/usr/share/texmf-texlive/tex/latex/pdftex-def/pdftex.def
File: pdftex.def 2007/01/08 v0.04d Graphics/color for pdfTeX
\Gread@gobject=\count98
))
\Gin@req@height=\dimen115
\Gin@req@width=\dimen116
)
(/usr/share/texmf-texlive/tex/latex/amsmath/amsmath.sty
Package: amsmath 2000/07/18 v2.13 AMS math features
\@mathmargin=\skip45

For additional information on amsmath, use the `?' option.
(/usr/share/texmf-texlive/tex/latex/amsmath/amstext.sty
Package: amstext 2000/06/29 v2.01

(/usr/share/texmf-texlive/tex/latex/amsmath/amsgen.sty
File: amsgen.sty 1999/11/30 v2.0
\@emptytoks=\toks16
\ex@=\dimen117
))
(/usr/share/texmf-texlive/tex/latex/amsmath/amsbsy.sty
Package: amsbsy 1999/11/29 v1.2d
\pmbraise@=\dimen118
)
(/usr/share/texmf-texlive/tex/latex/amsmath/amsopn.sty
Package: amsopn 1999/12/14 v2.01 operator names
)
\inf@bad=\count99
LaTeX Info: Redefining \frac on input line 211.
\uproot@=\count100
\leftroot@=\count101
LaTeX Info: Redefining \overline on input line 307.
\classnum@=\count102
\DOTSCASE@=\count103
LaTeX Info: Redefining \ldots on input line 379.
LaTeX Info: Redefining \dots on input line 382.
LaTeX Info: Redefining \cdots on input line 467.
\Mathstrutbox@=\box52
\strutbox@=\box53
\big@size=\dimen119
LaTeX Font Info:    Redeclaring font encoding OML on input line 567.
LaTeX Font Info:    Redeclaring font encoding OMS on input line 568.
\macc@depth=\count104
\c@MaxMatrixCols=\count105
\dotsspace@=\muskip10
\c@parentequation=\count106
\dspbrk@lvl=\count107
\tag@help=\toks17
\row@=\count108
\column@=\count109
\maxfields@=\count110
\andhelp@=\toks18
\eqnshift@=\dimen120
\alignsep@=\dimen121
\tagshift@=\dimen122
\tagwidth@=\dimen123
\totwidth@=\dimen124
\lineht@=\dimen125
\@envbody=\toks19
\multlinegap=\skip46
\multlinetaggap=\skip47
\mathdisplay@stack=\toks20
LaTeX Info: Redefining \[ on input line 2666.
LaTeX Info: Redefining \] on input line 2667.
)
(/usr/share/texmf-texlive/tex/latex/amscls/amsthm.sty
Package: amsthm 2004/08/06 v2.20
\thm@style=\toks21
\thm@bodyfont=\toks22
\thm@headfont=\toks23
\thm@notefont=\toks24
\thm@headpunct=\toks25
\thm@preskip=\skip48
\thm@postskip=\skip49
\thm@headsep=\skip50
\dth@everypar=\toks26
)
(/usr/share/texmf-texlive/tex/latex/amsfonts/amssymb.sty
Package: amssymb 2002/01/22 v2.2d

(/usr/share/texmf-texlive/tex/latex/amsfonts/amsfonts.sty
Package: amsfonts 2001/10/25 v2.2f
\symAMSa=\mathgroup4
\symAMSb=\mathgroup5
LaTeX Font Info:    Overwriting math alphabet `\mathfrak' in version `bold'
(Font)                  U/euf/m/n --> U/euf/b/n on input line 132.
))
(/home/zero/texmf/tex/latex/jknappen/mathrsfs.sty
Package: mathrsfs 1996/01/01 Math RSFS package v1.0 (jk)
\symrsfs=\mathgroup6
)
(/usr/share/texmf-texlive/tex/latex/tools/verbatim.sty
Package: verbatim 2003/08/22 v1.5q LaTeX2e package for verbatim enhancements
\every@verbatim=\toks27
\verbatim@line=\toks28
\verbatim@in@stream=\read1
)
(/usr/share/texmf-texlive/tex/latex/ltxmisc/url.sty
\Urlmuskip=\muskip11
Package: url 2005/06/27  ver 3.2  Verb mode for urls, etc.
)
(/home/zero/texmf/tex/latex/bezos/accents.sty
Package: accents 2006/05/12 v1.3 Math Accent Tools
\cc@skew=\dimen126
\cc@wd=\dimen127
\cc@code=\count111
\cc@group=\count112
\cc@skewchar=\count113
)
(/home/zero/texmf/tex/latex/bezos/tensind.sty
Package: tensind 1998/05/01 v1.0 Tensorial Indexes
\tsi@dimen=\dimen128
\primes=\dimen129
)
(/home/zero/texmf/tex/latex/SIunits/SIunits.sty
Package: SIunits 2002/08/01 v1.33 Support for the International System of units
 (MH)


\@qskwidth=\skip51
\symgreek=\mathgroup7
(/home/zero/texmf/tex/latex/SIunits/SIunits.cfg)
Option `squaren' provided!
Option `Gray' provided!
Option `noams' provided!
) (/usr/share/texmf-texlive/tex/latex/ltxmisc/cancel.sty
Package: cancel 2000/03/12 v2.1 Cancel math terms
)
(/usr/share/texmf-texlive/tex/latex/ltxmisc/ulem.sty
\UL@box=\box54
\UL@hyphenbox=\box55
\UL@skip=\skip52
\UL@hook=\toks29
\UL@pe=\count114
\UL@pixel=\dimen130
\ULC@box=\box56
Package: ulem 2000/05/26
\ULdepth=\dimen131
))
(/home/zero/texmf/tex/latex/srcltx/srcltx.sty
Package: srcltx 2004/10/05 v1.5 Source specials for inverse search in DVI files

\src@lastline=\count115
\src@new@everypar=\toks30
\src@new@output=\toks31
)
(/usr/share/texmf-texlive/tex/generic/oberdiek/ifpdf.sty
Package: ifpdf 2006/02/20 v1.4 Provides the ifpdf switch (HO)
Package ifpdf Info: pdfTeX in pdf mode detected.
) (./ProgramPlots1.aux)
\openout1 = `ProgramPlots1.aux'.

LaTeX Font Info:    Checking defaults for OML/cmm/m/it on input line 13.
LaTeX Font Info:    ... okay on input line 13.
LaTeX Font Info:    Checking defaults for T1/cmr/m/n on input line 13.
LaTeX Font Info:    ... okay on input line 13.
LaTeX Font Info:    Checking defaults for OT1/cmr/m/n on input line 13.
LaTeX Font Info:    ... okay on input line 13.
LaTeX Font Info:    Checking defaults for OMS/cmsy/m/n on input line 13.
LaTeX Font Info:    ... okay on input line 13.
LaTeX Font Info:    Checking defaults for OMX/cmex/m/n on input line 13.
LaTeX Font Info:    ... okay on input line 13.
LaTeX Font Info:    Checking defaults for U/cmr/m/n on input line 13.
LaTeX Font Info:    ... okay on input line 13.
LaTeX Font Info:    Checking defaults for TS1/cmr/m/n on input line 13.
LaTeX Font Info:    Try loading font information for TS1+cmr on input line 13.
(/usr/share/texmf-texlive/tex/latex/base/ts1cmr.fd
File: ts1cmr.fd 1999/05/25 v2.5h Standard LaTeX font definitions
)
LaTeX Font Info:    ... okay on input line 13.
-------------------- Geometry parameters
paper: class default
landscape: --
twocolumn: --
twoside: --
asymmetric: --
h-parts: 54.2025pt, 505.89pt, 54.2025pt
v-parts: 54.2025pt, 704.63249pt, 36.135pt
hmarginratio: --
vmarginratio: --
lines: --
heightrounded: --
bindingoffset: 0.0pt
truedimen: --
includehead: --
includefoot: true
includemp: --
driver: pdftex
-------------------- Page layout dimensions and switches
\paperwidth  614.295pt
\paperheight 794.96999pt
\textwidth  505.89pt
\textheight 668.4975pt
\oddsidemargin  -18.06749pt
\evensidemargin -18.06749pt
\topmargin  -55.06749pt
\headheight 12.0pt
\headsep    25.0pt
\footskip   36.135pt
\marginparwidth 59.0pt
\marginparsep   10.0pt
\columnsep  10.0pt
\skip\footins  10.0pt plus 4.0pt minus 2.0pt
\hoffset 0.0pt
\voffset 0.0pt
\mag 1000

(1in=72.27pt, 1cm=28.45pt)
-----------------------

Option `squaren' provided! 
 Command \squaren defined by SIunits package!

Option `Gray' provided! 
 Command \Gray defined by SIunits package!

(./ProgramPlots1.toc
LaTeX Font Info:    Try loading font information for U+msa on input line 6.
 (/usr/share/texmf-texlive/tex/latex/amsfonts/umsa.fd
File: umsa.fd 2002/01/19 v2.2g AMS font definitions
)
LaTeX Font Info:    Try loading font information for U+msb on input line 6.

(/usr/share/texmf-texlive/tex/latex/amsfonts/umsb.fd
File: umsb.fd 2002/01/19 v2.2g AMS font definitions
)
LaTeX Font Info:    Try loading font information for U+rsfs on input line 6.

(/home/zero/texmf/tex/latex/jknappen/ursfs.fd
File: ursfs.fd 1998/03/24 rsfs font definition file (jk)
))
\tf@toc=\write3
\openout3 = `ProgramPlots1.toc'.

 [1



{/var/lib/texmf/fonts/map/pdftex/updmap/pdftex.map}] [2] <plot.pdf, id=14, 614.
295pt x 794.97pt>
File: plot.pdf Graphic file (type pdf)

<use plot.pdf>
Overfull \hbox (23.99998pt too wide) in paragraph at lines 153--164
 [][] 
 []

<plot_a0VsTP.pdf, id=15, 614.295pt x 794.97pt>
File: plot_a0VsTP.pdf Graphic file (type pdf)
 <use plot_a0VsTP.pdf>
<splot_a0VsTP.pdf, id=16, 614.295pt x 794.97pt>
File: splot_a0VsTP.pdf Graphic file (type pdf)
 <use splot_a0VsTP.pdf>
Overfull \hbox (23.99998pt too wide) in paragraph at lines 171--189
 [][] 
 []

[3 <./plot.pdf>] <plot_HeatCapVsTempV.pdf, id=25, 614.295pt x 794.97pt>
File: plot_HeatCapVsTempV.pdf Graphic file (type pdf)

<use plot_HeatCapVsTempV.pdf>
<plot_HeatCapVsTemp.pdf, id=26, 614.295pt x 794.97pt>
File: plot_HeatCapVsTemp.pdf Graphic file (type pdf)

<use plot_HeatCapVsTemp.pdf>
<plot_HeatCapVsTempV_b.pdf, id=27, 614.295pt x 794.97pt>
File: plot_HeatCapVsTempV_b.pdf Graphic file (type pdf)

<use plot_HeatCapVsTempV_b.pdf>
Overfull \hbox (18.80684pt too wide) in paragraph at lines 192--219
[][][] 
 []

[4 <./plot_a0VsTP.pdf> <./splot_a0VsTP.pdf> <./plot_HeatCapVsTempV.pdf> <./plot
_HeatCapVsTemp.pdf> <./plot_HeatCapVsTempV_b.pdf>]
<plot_vlt_HeatCap_P_DK0_1e-07_CapVsTv_log_AhlersCompare_adjust.pdf, id=75, 614.
295pt x 794.97pt>
File: plot_vlt_HeatCap_P_DK0_1e-07_CapVsTv_log_AhlersCompare_adjust.pdf Graphic
 file (type pdf)

<use plot_vlt_HeatCap_P_DK0_1e-07_CapVsTv_log_AhlersCompare_adjust.pdf>
Overfull \hbox (1.80684pt too wide) in paragraph at lines 378--389
 [][] 
 []


<plot_vlt_ThermStates_Dexp100_A_RhosoRhoVsTvNu.pdf, id=76, 614.295pt x 794.97pt
>
File: plot_vlt_ThermStates_Dexp100_A_RhosoRhoVsTvNu.pdf Graphic file (type pdf)

 <use plot_vlt_ThermStates_Dexp100_A_RhosoRhoVsTvNu.pdf>
Overfull \hbox (39.83728pt too wide) in paragraph at lines 435--441
[]\OT1/cmtt/m/n/10.95 plot_vlt_ThermStates_Dexp100_A_RhosoRhoVsTvNu.pdf| 
 []


Overfull \hbox (1.80684pt too wide) in paragraph at lines 433--444
 [][] 
 []

[5 <./plot_vlt_HeatCap_P_DK0_1e-07_CapVsTv_log_AhlersCompare_adjust.pdf>]
[6 <./plot_vlt_ThermStates_Dexp100_A_RhosoRhoVsTvNu.pdf>]
<plot_rhos_compare_alpha.png, id=101, 642.4pt x 481.8pt>
File: plot_rhos_compare_alpha.png Graphic file (type png)

<use plot_rhos_compare_alpha.png>
<plot_ring3_Delok_alpha.png, id=102, 642.4pt x 481.8pt>
File: plot_ring3_Delok_alpha.png Graphic file (type png)

<use plot_ring3_Delok_alpha.png>
<plot_rhos_compare_beta.png, id=103, 642.4pt x 481.8pt>
File: plot_rhos_compare_beta.png Graphic file (type png)

<use plot_rhos_compare_beta.png>
<plot_ring3_Delok_beta.png, id=104, 642.4pt x 481.8pt>
File: plot_ring3_Delok_beta.png Graphic file (type png)

<use plot_ring3_Delok_beta.png>
Overfull \hbox (1.80684pt too wide) in paragraph at lines 460--494
 [][] 
 []

[7 <./plot_rhos_compare_alpha.png (PNG copy)> <./plot_ring3_Delok_alpha.png (PN
G copy)> <./plot_rhos_compare_beta.png (PNG copy)> <./plot_ring3_Delok_beta.png
 (PNG copy)>] <plot_2D_KrK0versusl_B_linlin.png, id=114, 642.4pt x 481.8pt>
File: plot_2D_KrK0versusl_B_linlin.png Graphic file (type png)

<use plot_2D_KrK0versusl_B_linlin.png>
<plot_2D_KrK0versusT_B_linlin.png, id=115, 642.4pt x 481.8pt>
File: plot_2D_KrK0versusT_B_linlin.png Graphic file (type png)

<use plot_2D_KrK0versusT_B_linlin.png>
<plot_2D_yversusl_B_loglin.png, id=116, 642.4pt x 481.8pt>
File: plot_2D_yversusl_B_loglin.png Graphic file (type png)

<use plot_2D_yversusl_B_loglin.png>
<plot_2D_yversusT_B_loglin.png, id=117, 642.4pt x 481.8pt>
File: plot_2D_yversusT_B_loglin.png Graphic file (type png)

<use plot_2D_yversusT_B_loglin.png>
Overfull \hbox (1.80684pt too wide) in paragraph at lines 508--542
[][] 
 []

<plot_2D_KrversusT_A_linlin.png, id=118, 642.4pt x 481.8pt>
File: plot_2D_KrversusT_A_linlin.png Graphic file (type png)

<use plot_2D_KrversusT_A_linlin.png>
<plot_2D_KrversusT_B_linlin.png, id=119, 642.4pt x 481.8pt>
File: plot_2D_KrversusT_B_linlin.png Graphic file (type png)

<use plot_2D_KrversusT_B_linlin.png>
<plot_2D_Kversusl_A_loglin.png, id=120, 642.4pt x 481.8pt>
File: plot_2D_Kversusl_A_loglin.png Graphic file (type png)

<use plot_2D_Kversusl_A_loglin.png>
<plot_2D_Kversusl_B_linlin.png, id=121, 642.4pt x 481.8pt>
File: plot_2D_Kversusl_B_linlin.png Graphic file (type png)

<use plot_2D_Kversusl_B_linlin.png>
Overfull \hbox (1.80684pt too wide) in paragraph at lines 548--582
[][] 
 []

[8 <./plot_2D_KrK0versusl_B_linlin.png (PNG copy)> <./plot_2D_KrK0versusT_B_lin
lin.png (PNG copy)> <./plot_2D_yversusl_B_loglin.png (PNG copy)> <./plot_2D_yve
rsusT_B_loglin.png (PNG copy)>] [9 <./plot_2D_KrversusT_A_linlin.png (PNG copy)
> <./plot_2D_KrversusT_B_linlin.png (PNG copy)> <./plot_2D_Kversusl_A_loglin.pn
g (PNG copy)> <./plot_2D_Kversusl_B_linlin.png (PNG copy)>]
<plot_3D_KrK0versusl_B_linlin.png, id=136, 642.4pt x 481.8pt>
File: plot_3D_KrK0versusl_B_linlin.png Graphic file (type png)

<use plot_3D_KrK0versusl_B_linlin.png>
<plot_3D_KrK0versusT_B_linlin.png, id=137, 642.4pt x 481.8pt>
File: plot_3D_KrK0versusT_B_linlin.png Graphic file (type png)

<use plot_3D_KrK0versusT_B_linlin.png>
<plot_3D_yversusl_B_linlin.png, id=138, 642.4pt x 481.8pt>
File: plot_3D_yversusl_B_linlin.png Graphic file (type png)

<use plot_3D_yversusl_B_linlin.png>
<plot_3D_yversusT_B_linlin.png, id=139, 642.4pt x 481.8pt>
File: plot_3D_yversusT_B_linlin.png Graphic file (type png)

<use plot_3D_yversusT_B_linlin.png>
<plot_3D_Fversusl_B_linlin.png, id=140, 642.4pt x 481.8pt>
File: plot_3D_Fversusl_B_linlin.png Graphic file (type png)

<use plot_3D_Fversusl_B_linlin.png>
<plot_3D_FversusT_B_linlin.png, id=141, 642.4pt x 481.8pt>
File: plot_3D_FversusT_B_linlin.png Graphic file (type png)

<use plot_3D_FversusT_B_linlin.png>
Overfull \hbox (1.80684pt too wide) in paragraph at lines 593--643
[][] 
 []

<plot_3D_KrK0versusl_A_loglog.png, id=142, 642.4pt x 481.8pt>
File: plot_3D_KrK0versusl_A_loglog.png Graphic file (type png)

<use plot_3D_KrK0versusl_A_loglog.png>
<plot_3D_KrK0versusl_B_loglog.png, id=143, 642.4pt x 481.8pt>
File: plot_3D_KrK0versusl_B_loglog.png Graphic file (type png)

<use plot_3D_KrK0versusl_B_loglog.png>
<plot_3D_KrK0versusTv_A_loglog.png, id=144, 642.4pt x 481.8pt>
File: plot_3D_KrK0versusTv_A_loglog.png Graphic file (type png)

<use plot_3D_KrK0versusTv_A_loglog.png>
<plot_3D_KrK0versusTv_B_loglog.png, id=145, 642.4pt x 481.8pt>
File: plot_3D_KrK0versusTv_B_loglog.png Graphic file (type png)

<use plot_3D_KrK0versusTv_B_loglog.png>
<plot_3D_KrversusT_B_linlin.png, id=146, 642.4pt x 481.8pt>
File: plot_3D_KrversusT_B_linlin.png Graphic file (type png)

<use plot_3D_KrversusT_B_linlin.png>
<plot_3D_Kversusl_A_loglin.png, id=147, 642.4pt x 481.8pt>
File: plot_3D_Kversusl_A_loglin.png Graphic file (type png)

<use plot_3D_Kversusl_A_loglin.png>
Overfull \hbox (1.80684pt too wide) in paragraph at lines 647--697
[][] 
 []

[10 <./plot_3D_KrK0versusl_B_linlin.png (PNG copy)> <./plot_3D_KrK0versusT_B_li
nlin.png (PNG copy)> <./plot_3D_yversusl_B_linlin.png (PNG copy)> <./plot_3D_yv
ersusT_B_linlin.png (PNG copy)> <./plot_3D_Fversusl_B_linlin.png (PNG copy)> <.
/plot_3D_FversusT_B_linlin.png (PNG copy)>]
<plot_3D_KrK0versusTv_A_findA.png, id=157, 642.4pt x 481.8pt>
File: plot_3D_KrK0versusTv_A_findA.png Graphic file (type png)

<use plot_3D_KrK0versusTv_A_findA.png>
<plot_3D_KrK0versusTv_B_findA.png, id=158, 642.4pt x 481.8pt>
File: plot_3D_KrK0versusTv_B_findA.png Graphic file (type png)

<use plot_3D_KrK0versusTv_B_findA.png>
Overfull \hbox (18.80684pt too wide) in paragraph at lines 699--717
[][][] 
 []

[11 <./plot_3D_KrK0versusl_A_loglog.png (PNG copy)> <./plot_3D_KrK0versusl_B_lo
glog.png (PNG copy)> <./plot_3D_KrK0versusTv_A_loglog.png (PNG copy)> <./plot_3
D_KrK0versusTv_B_loglog.png (PNG copy)> <./plot_3D_KrversusT_B_linlin.png (PNG 
copy)> <./plot_3D_Kversusl_A_loglin.png (PNG copy)>]
<plot_3D_Kversusl_A_loglog.png, id=168, 642.4pt x 481.8pt>
File: plot_3D_Kversusl_A_loglog.png Graphic file (type png)

<use plot_3D_Kversusl_A_loglog.png>
<plot_3D_Kversusl_B_linlin.png, id=169, 642.4pt x 481.8pt>
File: plot_3D_Kversusl_B_linlin.png Graphic file (type png)

<use plot_3D_Kversusl_B_linlin.png>
<plot_3D_yversusl_A_loglog.png, id=170, 642.4pt x 481.8pt>
File: plot_3D_yversusl_A_loglog.png Graphic file (type png)

<use plot_3D_yversusl_A_loglog.png>
Overfull \hbox (18.80684pt too wide) in paragraph at lines 721--747
[][][] 
 []

<plot_ring3_A_KrK0versusTv.png, id=171, 642.4pt x 481.8pt>
File: plot_ring3_A_KrK0versusTv.png Graphic file (type png)

<use plot_ring3_A_KrK0versusTv.png>
<plot_ring3_A_rhosAmps.png, id=172, 642.4pt x 481.8pt>
File: plot_ring3_A_rhosAmps.png Graphic file (type png)

<use plot_ring3_A_rhosAmps.png>
Overfull \hbox (18.80684pt too wide) in paragraph at lines 749--767
[][][] 
 []

[12 <./plot_3D_KrK0versusTv_A_findA.png (PNG copy)> <./plot_3D_KrK0versusTv_B_f
indA.png (PNG copy)> <./plot_3D_Kversusl_A_loglog.png (PNG copy)> <./plot_3D_Kv
ersusl_B_linlin.png (PNG copy)> <./plot_3D_yversusl_A_loglog.png (PNG copy)>]
[13 <./plot_ring3_A_KrK0versusTv.png (PNG copy)> <./plot_ring3_A_rhosAmps.png (
PNG copy)>] (./ProgramPlots1.aux) ) 
Here is how much of TeX's memory you used:
 3247 strings out of 94834
 43038 string characters out of 1179181
 101697 words of memory out of 1500000
 6335 multiletter control sequences out of 10000+50000
 11432 words of font info for 45 fonts, out of 1200000 for 2000
 212 hyphenation exceptions out of 8191
 31i,12n,33p,492b,302s stack positions out of 5000i,500n,6000p,200000b,5000s
</usr/share/texmf-texlive/fonts/type1/bluesk
y/cm/cmbx10.pfb></usr/share/texmf-texlive/fonts/type1/bluesky/cm/cmbx12.pfb></u
sr/share/texmf-texlive/fonts/type1/bluesky/cm/cmmi10.pfb></usr/share/texmf-texl
ive/fonts/type1/bluesky/cm/cmr10.pfb></usr/share/texmf-texlive/fonts/type1/blue
sky/cm/cmr12.pfb></usr/share/texmf-texlive/fonts/type1/bluesky/cm/cmsy10.pfb></
usr/share/texmf-texlive/fonts/type1/bluesky/cm/cmtt10.pfb>
Output written on ProgramPlots1.pdf (13 pages, 414455 bytes).
PDF statistics:
 210 PDF objects out of 1000 (max. 8388607)
 0 named destinations out of 1000 (max. 131072)
 196 words of extra memory for PDF output out of 10000 (max. 10000000)

