T/Tc	1-T/Tc	l	K	y	a	Kr/K0	a0/Kr
0.99999	1e-05	0.2	0.739868	0.0233336	3.09015	0.809981	4.17662
0.99999	1e-05	0.4	0.732989	0.0219164	3.77432	0.656991	5.14921
0.99999	1e-05	0.6	0.727002	0.0206684	4.60996	0.533505	6.34106
0.99999	1e-05	0.8	0.72174	0.0195604	5.63062	0.433636	7.80145
0.99999	1e-05	1	0.717078	0.0185694	6.87725	0.352737	9.59067
0.99999	1e-05	1.2	0.712915	0.0176775	8.3999	0.28712	11.7825
0.99999	1e-05	1.4	0.709175	0.0168702	10.2597	0.233841	14.467
0.99999	1e-05	1.6	0.705796	0.0161358	12.5312	0.19054	17.7547
0.99999	1e-05	1.8	0.702726	0.0154647	15.3056	0.155323	21.7803
0.99999	1e-05	2	0.699924	0.0148487	18.6943	0.126661	26.7091
0.99999	1e-05	2.2	0.697357	0.0142814	22.8333	0.103321	32.7426
0.99999	1e-05	2.4	0.694995	0.013757	27.8886	0.0843052	40.1278
0.99999	1e-05	2.6	0.692814	0.0132708	34.0633	0.0688067	49.1665
0.99999	1e-05	2.8	0.690795	0.0128186	41.605	0.0561699	60.2277
0.99999	1e-05	3	0.688919	0.012397	50.8164	0.0458632	73.7625
0.99999	1e-05	3.2	0.687172	0.0120029	62.0673	0.0374543	90.3229
0.99999	1e-05	3.4	0.68554	0.0116337	75.8092	0.0305922	110.583
0.99999	1e-05	3.6	0.684013	0.011287	92.5935	0.024991	135.368
0.99999	1e-05	3.8	0.68258	0.0109609	113.094	0.020418	165.686
0.99999	1e-05	4	0.681233	0.0106534	138.133	0.0166839	202.77
0.99999	1e-05	4.2	0.679964	0.0103631	168.716	0.0136342	248.125
0.99999	1e-05	4.4	0.678767	0.0100885	206.071	0.0111431	303.595
0.99999	1e-05	4.6	0.677636	0.00982838	251.695	0.00910797	371.431
0.99999	1e-05	4.8	0.676565	0.00958157	307.421	0.00744519	454.385
0.99999	1e-05	5	0.67555	0.00934709	375.485	0.00608646	555.822
0.99999	1e-05	5.2	0.674586	0.00912402	458.619	0.00497606	679.852
0.99999	1e-05	5.4	0.673669	0.00891153	560.158	0.00406852	831.503
0.99999	1e-05	5.6	0.672797	0.00870888	684.179	0.0033267	1016.92
0.99999	1e-05	5.8	0.671965	0.00851539	835.658	0.00272031	1243.6
0.99999	1e-05	6	0.671172	0.00833046	1020.67	0.00222457	1520.74
0.99999	1e-05	6.2	0.670413	0.00815352	1246.66	0.00181927	1859.53
0.99999	1e-05	6.4	0.669688	0.00798405	1522.67	0.00148788	2273.7
0.99999	1e-05	6.6	0.668995	0.00782159	1859.79	0.00121691	2779.98
0.99999	1e-05	6.8	0.66833	0.0076657	2271.55	0.000995331	3398.85
0.99999	1e-05	7	0.667692	0.007516	2774.48	0.000814131	4155.33
0.99999	1e-05	7.2	0.66708	0.00737211	3388.76	0.000665943	5079.99
0.99999	1e-05	7.4	0.666492	0.00723371	4139.04	0.000544747	6210.19
0.99999	1e-05	7.6	0.665926	0.00710048	5055.44	0.000445623	7591.59
0.99999	1e-05	7.8	0.665382	0.00697213	6174.72	0.000364547	9279.97
0.99999	1e-05	8	0.664858	0.00684839	7541.82	0.000298231	11343.5
0.99999	1e-05	8.2	0.664353	0.00672903	9211.6	0.000243985	13865.5
0.99999	1e-05	8.4	0.663866	0.00661381	11251.1	0.000199612	16947.8
0.99999	1e-05	8.6	0.663396	0.00650251	13742.1	0.000163313	20714.8
0.99999	1e-05	8.8	0.662943	0.00639494	16784.6	0.000133618	25318.4
0.99999	1e-05	9	0.662504	0.00629092	20500.8	0.000109325	30944.4
0.99999	1e-05	9.2	0.662081	0.00619026	25039.7	8.94502e-05	37819.8
0.99999	1e-05	9.4	0.661671	0.00609281	30583.6	7.31903e-05	46221.8
0.99999	1e-05	9.6	0.661274	0.00599841	37354.9	5.98872e-05	56489.3
0.99999	1e-05	9.8	0.66089	0.00590692	45625.4	4.9003e-05	69036.2
0.99999	1e-05	10	0.660518	0.00581821	55727	4.00977e-05	84368.6
0.99999	1e-05	10.2001	0.660157	0.00573211	68071.9	3.2808e-05	103115
0.99999	1e-05	10.4001	0.659807	0.00564858	83143.2	2.68467e-05	126011
0.99999	1e-05	10.6001	0.659468	0.00556748	101551	2.19689e-05	153990
0.99999	1e-05	10.8001	0.659138	0.0054887	124035	1.79776e-05	188178
0.99999	1e-05	11.0001	0.658818	0.00541213	151497	1.47117e-05	229952
0.99999	1e-05	11.2001	0.658508	0.00533769	185039	1.20392e-05	280997
0.99999	1e-05	11.4001	0.658205	0.00526529	226007	9.85236e-06	343368
0.99999	1e-05	11.6001	0.657912	0.00519484	276045	8.06283e-06	419578
0.99999	1e-05	11.8001	0.657626	0.00512627	337162	6.59842e-06	512696
0.99999	1e-05	12.0001	0.657348	0.0050595	411811	5.40004e-06	626473
0.99999	1e-05	12.2001	0.657077	0.00499446	502987	4.41936e-06	765492
0.99999	1e-05	12.4001	0.656813	0.00493109	614350	3.61682e-06	935349
0.99999	1e-05	12.6001	0.656556	0.00486931	750368	2.96004e-06	1.14288e+06
0.99999	1e-05	12.8001	0.656306	0.00480907	916502	2.42255e-06	1.39645e+06
0.99999	1e-05	13.0001	0.656062	0.00475032	1.11942e+06	1.98268e-06	1.70627e+06
0.99999	1e-05	13.2001	0.655824	0.004693	1.36726e+06	1.62269e-06	2.0848e+06
0.99999	1e-05	13.4001	0.655592	0.00463705	1.66998e+06	1.32808e-06	2.54728e+06
0.99999	1e-05	13.6001	0.655366	0.00458243	2.03971e+06	1.08696e-06	3.11233e+06
0.99999	1e-05	13.8001	0.655145	0.00452909	2.49131e+06	8.8963e-07	3.80269e+06
0.99999	1e-05	14.0001	0.654929	0.00447698	3.04289e+06	7.28127e-07	4.64614e+06
0.99999	1e-05	14.2001	0.654718	0.00442607	3.7166e+06	5.95948e-07	5.67664e+06
0.99999	1e-05	14.4001	0.654512	0.00437631	4.53946e+06	4.87768e-07	6.93564e+06
0.99999	1e-05	14.6001	0.654311	0.00432766	5.54451e+06	3.99228e-07	8.47382e+06
0.99999	1e-05	14.8001	0.654114	0.00428008	6.77208e+06	3.26762e-07	1.03531e+07
0.99999	1e-05	15.0001	0.653922	0.00423355	8.27144e+06	2.67451e-07	1.2649e+07
0.99999	1e-05	15.2001	0.653734	0.00418802	1.01028e+07	2.18908e-07	1.54539e+07
0.99999	1e-05	15.4001	0.65355	0.00414347	1.23395e+07	1.79176e-07	1.88808e+07
0.99999	1e-05	15.6001	0.65337	0.00409986	1.50715e+07	1.46657e-07	2.30674e+07
0.99999	1e-05	15.8001	0.653194	0.00405716	1.84084e+07	1.2004e-07	2.81822e+07
0.99999	1e-05	16.0001	0.653022	0.00401535	2.24841e+07	9.82544e-08	3.44309e+07
0.99999	1e-05	16.2001	0.652853	0.00397439	2.74622e+07	8.04231e-08	4.20648e+07
0.99999	1e-05	16.4001	0.652688	0.00393426	3.35423e+07	6.58282e-08	5.13911e+07
0.99999	1e-05	16.6001	0.652526	0.00389494	4.09687e+07	5.38822e-08	6.27848e+07
0.99999	1e-05	16.8001	0.652367	0.0038564	5.00393e+07	4.41043e-08	7.67042e+07
0.99999	1e-05	17.0001	0.652212	0.00381862	6.11181e+07	3.61009e-08	9.3709e+07
0.99999	1e-05	17.2001	0.652059	0.00378158	7.46499e+07	2.955e-08	1.14483e+08
0.99999	1e-05	17.4001	0.65191	0.00374524	9.11776e+07	2.4188e-08	1.39862e+08
0.99999	1e-05	17.6001	0.651764	0.00370961	1.11365e+08	1.9799e-08	1.70866e+08
0.99999	1e-05	17.8001	0.65162	0.00367464	1.36021e+08	1.62065e-08	2.08743e+08
0.99999	1e-05	18.0001	0.651479	0.00364033	1.66136e+08	1.32659e-08	2.55014e+08
0.99999	1e-05	18.2001	0.651341	0.00360666	2.02919e+08	1.08589e-08	3.11541e+08
0.99999	1e-05	18.4001	0.651205	0.00357361	2.47846e+08	8.88864e-09	3.80596e+08
0.99999	1e-05	18.6001	0.651072	0.00354116	3.0272e+08	7.27592e-09	4.64956e+08
0.99999	1e-05	18.8001	0.650942	0.00350929	3.69743e+08	5.95582e-09	5.68013e+08
0.99999	1e-05	19.0001	0.650813	0.00347799	4.51605e+08	4.87526e-09	6.93909e+08
0.99999	1e-05	19.2001	0.650688	0.00344725	5.51592e+08	3.99075e-09	8.47707e+08
0.99999	1e-05	19.4001	0.650564	0.00341705	6.73716e+08	3.26673e-09	1.03559e+09
0.99999	1e-05	19.6001	0.650442	0.00338737	8.22879e+08	2.67407e-09	1.26511e+09
0.99999	1e-05	19.8001	0.650323	0.0033582	1.00507e+09	2.18894e-09	1.54549e+09
0.99999	1e-05	20.0001	0.650206	0.00332954	1.22759e+09	1.79183e-09	1.888e+09
0.99999	1e-05	20.2002	0.65009	0.00330134	1.49953e+09	1.46662e-09	2.30665e+09
0.99999	1e-05	20.4002	0.649977	0.00327363	1.83153e+09	1.20056e-09	2.81784e+09
0.99999	1e-05	20.6002	0.649866	0.00324639	2.23704e+09	9.82765e-10	3.44231e+09
0.99999	1e-05	20.8002	0.649756	0.00321959	2.73233e+09	8.04485e-10	4.20516e+09
0.99999	1e-05	21.0002	0.649649	0.00319324	3.33727e+09	6.58547e-10	5.13704e+09
0.99999	1e-05	21.2002	0.649543	0.00316731	4.07615e+09	5.39085e-10	6.27542e+09
0.99999	1e-05	21.4002	0.649439	0.0031418	4.97862e+09	4.41295e-10	7.66604e+09
0.99999	1e-05	21.6002	0.649336	0.00311669	6.0809e+09	3.61245e-10	9.3648e+09
0.99999	1e-05	21.8002	0.649235	0.00309199	7.42723e+09	2.95716e-10	1.144e+10
0.99999	1e-05	22.0002	0.649136	0.00306767	9.07164e+09	2.42075e-10	1.39749e+10
0.99999	1e-05	22.2002	0.649039	0.00304374	1.10801e+10	1.98164e-10	1.70716e+10
0.99999	1e-05	22.4002	0.648943	0.00302017	1.35333e+10	1.62219e-10	2.08544e+10
0.99999	1e-05	22.6002	0.648848	0.00299696	1.65296e+10	1.32795e-10	2.54753e+10
0.99999	1e-05	22.8002	0.648755	0.00297411	2.01893e+10	1.08707e-10	3.11201e+10
0.99999	1e-05	23.0002	0.648663	0.00295161	2.46593e+10	8.89895e-11	3.80155e+10
0.99999	1e-05	23.2002	0.648573	0.00292944	3.01189e+10	7.28483e-11	4.64387e+10
0.99999	1e-05	23.4002	0.648484	0.0029076	3.67873e+10	5.9635e-11	5.67282e+10
0.99999	1e-05	23.6002	0.648397	0.00288609	4.49321e+10	4.88184e-11	6.92973e+10
0.99999	1e-05	23.8002	0.648311	0.00286489	5.48802e+10	3.99638e-11	8.46512e+10
0.99999	1e-05	24.0002	0.648226	0.002844	6.70309e+10	3.27153e-11	1.03407e+11
0.99999	1e-05	24.2002	0.648142	0.00282341	8.18717e+10	2.67816e-11	1.26318e+11
0.99999	1e-05	24.4002	0.64806	0.00280311	9.99983e+10	2.19241e-11	1.54304e+11
0.99999	1e-05	24.6002	0.647978	0.00278311	1.22138e+11	1.79477e-11	1.88491e+11
0.99999	1e-05	24.8002	0.647898	0.00276339	1.4918e+11	1.46925e-11	2.30252e+11
0.99999	1e-05	25.0002	0.647819	0.00274394	1.82209e+11	1.20277e-11	2.81265e+11
0.99999	1e-05	25.2002	0.647741	0.00272477	2.2255e+11	9.84631e-12	3.43579e+11
0.99999	1e-05	25.4002	0.647665	0.00270586	2.71824e+11	8.06052e-12	4.19698e+11
0.99999	1e-05	25.6002	0.647589	0.00268721	3.32006e+11	6.59862e-12	5.1268e+11
0.99999	1e-05	25.8002	0.647514	0.00266881	4.05513e+11	5.40187e-12	6.26261e+11
0.99999	1e-05	26.0002	0.647441	0.00265067	4.95295e+11	4.42218e-12	7.65004e+11
0.99999	1e-05	26.2002	0.647368	0.00263277	6.04955e+11	3.62017e-12	9.34483e+11
0.99999	1e-05	26.4002	0.647297	0.00261511	7.38893e+11	2.96361e-12	1.14151e+12
0.99999	1e-05	26.6002	0.647226	0.00259768	9.02486e+11	2.42614e-12	1.39439e+12
0.99999	1e-05	26.8002	0.647157	0.00258048	1.1023e+12	1.98614e-12	1.7033e+12
0.99999	1e-05	27.0002	0.647088	0.00256351	1.34635e+12	1.62594e-12	2.08063e+12
0.99999	1e-05	27.2002	0.64702	0.00254676	1.64444e+12	1.33107e-12	2.54156e+12
0.99999	1e-05	27.4002	0.646953	0.00253022	2.00852e+12	1.08967e-12	3.10458e+12
0.99999	1e-05	27.6002	0.646887	0.0025139	2.45321e+12	8.92058e-13	3.79233e+12
0.99999	1e-05	27.8002	0.646822	0.00249779	2.99636e+12	7.30282e-13	4.63243e+12
0.99999	1e-05	28.0002	0.646758	0.00248188	3.65976e+12	5.97845e-13	5.65863e+12
0.99999	1e-05	28.2002	0.646694	0.00246617	4.47004e+12	4.89426e-13	6.91215e+12
0.99999	1e-05	28.4002	0.646631	0.00245066	5.45972e+12	4.00669e-13	8.44333e+12
0.99999	1e-05	28.6002	0.646569	0.00243534	6.66852e+12	3.28009e-13	1.03137e+13
0.99999	1e-05	28.8002	0.646508	0.0024202	8.14495e+12	2.68526e-13	1.25984e+13
0.99999	1e-05	29.0002	0.646448	0.00240526	9.94827e+12	2.1983e-13	1.53891e+13
0.99999	1e-05	29.2002	0.646388	0.0023905	1.21508e+13	1.79965e-13	1.8798e+13
0.99999	1e-05	29.4002	0.64633	0.00237591	1.48411e+13	1.47329e-13	2.29621e+13
0.99999	1e-05	29.6002	0.646271	0.00236151	1.81269e+13	1.20612e-13	2.80485e+13
0.99999	1e-05	29.8002	0.646214	0.00234727	2.21403e+13	9.87401e-14	3.42615e+13
0.99999	1e-05	30.0002	0.646157	0.00233321	2.70422e+13	8.08344e-14	4.18508e+13
0.99999	1e-05	30.2003	0.646101	0.0023193	3.30327e+13	6.61693e-14	5.11262e+13
0.99999	1e-05	30.4003	0.646046	0.00230556	4.03462e+13	5.41702e-14	6.2451e+13
0.99999	1e-05	30.6003	0.645991	0.00229199	4.9279e+13	4.4347e-14	7.62843e+13
0.99999	1e-05	30.8003	0.645937	0.00227857	6.01895e+13	3.63052e-14	9.31817e+13
0.99999	1e-05	31.0003	0.645884	0.00226531	7.35156e+13	2.97218e-14	1.13822e+14
0.99999	1e-05	31.2003	0.645831	0.0022522	8.97922e+13	2.43321e-14	1.39034e+14
0.99999	1e-05	31.4003	0.645779	0.00223924	1.09672e+14	1.99199e-14	1.6983e+14
0.99999	1e-05	31.6003	0.645727	0.00222643	1.33954e+14	1.63077e-14	2.07447e+14
0.99999	1e-05	31.8003	0.645676	0.00221376	1.63612e+14	1.33506e-14	2.53396e+14
0.99999	1e-05	32.0003	0.645626	0.00220123	1.99836e+14	1.09297e-14	3.09523e+14
0.99999	1e-05	32.2003	0.645576	0.00218884	2.44081e+14	8.94776e-15	3.78082e+14
0.99999	1e-05	32.4003	0.645527	0.0021766	2.98121e+14	7.32524e-15	4.61825e+14
0.99999	1e-05	32.6003	0.645478	0.00216448	3.64125e+14	5.99695e-15	5.64117e+14
0.99999	1e-05	32.8003	0.64543	0.0021525	4.44744e+14	4.90952e-15	6.89066e+14
0.99999	1e-05	33.0003	0.645382	0.00214065	5.43211e+14	4.01928e-15	8.41689e+14
0.99999	1e-05	33.2003	0.645335	0.00212893	6.6348e+14	3.29047e-15	1.02812e+15
0.99999	1e-05	33.4003	0.645289	0.00211733	8.10376e+14	2.69381e-15	1.25583e+15
0.99999	1e-05	33.6003	0.645243	0.00210586	9.89795e+14	2.20535e-15	1.53399e+15
0.99999	1e-05	33.8003	0.645197	0.00209451	1.20894e+15	1.80546e-15	1.87375e+15
0.99999	1e-05	34.0003	0.645152	0.00208329	1.4766e+15	1.47808e-15	2.28876e+15
0.99999	1e-05	34.2003	0.645107	0.00207218	1.80352e+15	1.21007e-15	2.7957e+15
0.99999	1e-05	34.4003	0.645063	0.00206118	2.20283e+15	9.90652e-16	3.41491e+15
0.99999	1e-05	34.6003	0.64502	0.00205031	2.69054e+15	8.11023e-16	4.17126e+15
0.99999	1e-05	34.8003	0.644977	0.00203954	3.28624e+15	6.63965e-16	5.09513e+15
0.99999	1e-05	35.0003	0.644934	0.00202889	4.01382e+15	5.43572e-16	6.22361e+15
0.99999	1e-05	35.2003	0.644892	0.00201834	4.90249e+15	4.4501e-16	7.60203e+15
0.99999	1e-05	35.4003	0.64485	0.00200791	5.98791e+15	3.6432e-16	9.28575e+15
0.99999	1e-05	35.6003	0.644808	0.00199758	7.31365e+15	2.98261e-16	1.13424e+16
0.99999	1e-05	35.8003	0.644768	0.00198735	8.93292e+15	2.4418e-16	1.38545e+16
0.99999	1e-05	36.0003	0.644727	0.00197723	1.09107e+16	1.99905e-16	1.6923e+16
0.99999	1e-05	36.2003	0.644687	0.00196721	1.33263e+16	1.63658e-16	2.0671e+16
0.99999	1e-05	36.4003	0.644647	0.00195728	1.62768e+16	1.33984e-16	2.52492e+16
0.99999	1e-05	36.6003	0.644608	0.00194746	1.98806e+16	1.0969e-16	3.08413e+16
0.99999	1e-05	36.8003	0.644569	0.00193774	2.42822e+16	8.98011e-17	3.7672e+16
0.99999	1e-05	37.0003	0.644531	0.0019281	2.96583e+16	7.35185e-17	4.60154e+16
0.99999	1e-05	37.2003	0.644492	0.00191857	3.62248e+16	6.01883e-17	5.62067e+16
0.99999	1e-05	37.4003	0.644455	0.00190912	4.4245e+16	4.92751e-17	6.8655e+16
0.99999	1e-05	37.6003	0.644417	0.00189977	5.4041e+16	4.03407e-17	8.38602e+16
0.99999	1e-05	37.8003	0.64438	0.00189051	6.60058e+16	3.30263e-17	1.02433e+17
0.99999	1e-05	38.0003	0.644344	0.00188133	8.06197e+16	2.70381e-17	1.25119e+17
0.99999	1e-05	38.2003	0.644307	0.00187225	9.84691e+16	2.21357e-17	1.52829e+17
0.99999	1e-05	38.4003	0.644271	0.00186325	1.2027e+17	1.81222e-17	1.86677e+17
0.99999	1e-05	38.6003	0.644236	0.00185433	1.46899e+17	1.48363e-17	2.2802e+17
0.99999	1e-05	38.8003	0.644201	0.0018455	1.79422e+17	1.21463e-17	2.78519e+17
0.99999	1e-05	39.0003	0.644166	0.00183675	2.19147e+17	9.94402e-18	3.40203e+17
0.99999	1e-05	39.2003	0.644131	0.00182808	2.67667e+17	8.14104e-18	4.15547e+17
0.99999	1e-05	39.4003	0.644097	0.00181949	3.26929e+17	6.66496e-18	5.07577e+17
0.99999	1e-05	39.6003	0.644063	0.00181098	3.99312e+17	5.45652e-18	6.19989e+17
0.99999	1e-05	39.8003	0.64403	0.00180255	4.87721e+17	4.46719e-18	7.57296e+17
0.99999	1e-05	40.0003	0.643996	0.0017942	5.95703e+17	3.65724e-18	9.25011e+17
0.99999	1e-05	40.2004	0.643963	0.00178592	7.27667e+17	2.99384e-18	1.12998e+18
0.99999	1e-05	40.4004	0.643931	0.00177771	8.88774e+17	2.45102e-18	1.38023e+18
0.99999	1e-05	40.6004	0.643898	0.00176959	1.08555e+18	2.00663e-18	1.6859e+18
0.99999	1e-05	40.8004	0.643866	0.00176153	1.32589e+18	1.64281e-18	2.05927e+18
0.99999	1e-05	41.0004	0.643834	0.00175354	1.61945e+18	1.34495e-18	2.51532e+18
0.99999	1e-05	41.2004	0.643803	0.00174563	1.978e+18	1.1011e-18	3.07237e+18
0.99999	1e-05	41.4004	0.643772	0.00173779	2.41594e+18	9.01459e-19	3.75279e+18
0.99999	1e-05	41.6004	0.643741	0.00173001	2.95083e+18	7.38017e-19	4.58388e+18
0.99999	1e-05	41.8004	0.64371	0.00172231	3.60416e+18	6.04208e-19	5.59903e+18
0.99999	1e-05	42.0004	0.64368	0.00171467	4.40213e+18	4.94661e-19	6.839e+18
0.99999	1e-05	42.2004	0.64365	0.00170709	5.37677e+18	4.04975e-19	8.35356e+18
0.99999	1e-05	42.4004	0.64362	0.00169958	6.5672e+18	3.3155e-19	1.02035e+19
0.99999	1e-05	42.6004	0.64359	0.00169214	8.0212e+18	2.71438e-19	1.24632e+19
0.99999	1e-05	42.8004	0.643561	0.00168476	9.79711e+18	2.22224e-19	1.52233e+19
0.99999	1e-05	43.0004	0.643532	0.00167745	1.19662e+19	1.81934e-19	1.85946e+19
0.99999	1e-05	43.2004	0.643503	0.00167019	1.46156e+19	1.48948e-19	2.27125e+19
0.99999	1e-05	43.4004	0.643475	0.001663	1.78515e+19	1.21943e-19	2.77423e+19
0.99999	1e-05	43.6004	0.643447	0.00165587	2.18039e+19	9.98341e-20	3.38861e+19
0.99999	1e-05	43.8004	0.643418	0.00164879	2.66313e+19	8.17337e-20	4.13903e+19
0.99999	1e-05	44.0004	0.643391	0.00164178	3.25276e+19	6.6915e-20	5.05565e+19
0.99999	1e-05	44.2004	0.643363	0.00163482	3.97292e+19	5.4783e-20	6.17524e+19
0.99999	1e-05	44.4004	0.643336	0.00162792	4.85254e+19	4.48506e-20	7.54278e+19
0.99999	1e-05	44.6004	0.643309	0.00162108	5.92691e+19	3.6719e-20	9.21316e+19
0.99999	1e-05	44.8004	0.643282	0.0016143	7.23914e+19	3.00617e-20	1.12535e+20
0.99999	1e-05	45.0004	0.643255	0.00160757	8.84191e+19	2.46115e-20	1.37456e+20
0.99999	1e-05	45.2004	0.643229	0.00160089	1.07995e+20	2.01493e-20	1.67896e+20
0.99999	1e-05	45.4004	0.643203	0.00159427	1.31906e+20	1.64962e-20	2.05077e+20
0.99999	1e-05	45.6004	0.643177	0.00158771	1.6111e+20	1.35054e-20	2.50491e+20
0.99999	1e-05	45.8004	0.643151	0.00158119	1.9678e+20	1.10568e-20	3.05963e+20
0.99999	1e-05	46.0004	0.643125	0.00157473	2.40348e+20	9.05222e-21	3.73719e+20
0.99999	1e-05	46.2004	0.6431	0.00156832	2.93562e+20	7.41104e-21	4.56479e+20
0.99999	1e-05	46.4004	0.643075	0.00156196	3.58557e+20	6.06741e-21	5.57566e+20
0.99999	1e-05	46.6004	0.64305	0.00155565	4.37943e+20	4.96738e-21	6.8104e+20
0.99999	1e-05	46.8004	0.643025	0.00154939	5.34904e+20	4.06679e-21	8.31856e+20
0.99999	1e-05	47.0004	0.643001	0.00154317	6.53333e+20	3.32948e-21	1.01607e+21
0.99999	1e-05	47.2004	0.642976	0.00153701	7.97983e+20	2.72585e-21	1.24108e+21
0.99999	1e-05	47.4004	0.642952	0.0015309	9.74659e+20	2.23165e-21	1.51591e+21
0.99999	1e-05	47.6004	0.642928	0.00152483	1.19045e+21	1.82705e-21	1.85161e+21
0.99999	1e-05	47.8004	0.642905	0.00151881	1.45402e+21	1.49581e-21	2.26164e+21
0.99999	1e-05	48.0004	0.642881	0.00151283	1.77594e+21	1.22462e-21	2.76248e+21
0.99999	1e-05	48.2004	0.642858	0.00150691	2.16914e+21	1.0026e-21	3.37422e+21
0.99999	1e-05	48.4004	0.642834	0.00150102	2.6494e+21	8.20828e-22	4.12143e+21
0.99999	1e-05	48.6004	0.642811	0.00149518	3.23598e+21	6.72013e-22	5.03411e+21
0.99999	1e-05	48.8004	0.642789	0.00148939	3.95244e+21	5.50178e-22	6.14889e+21
0.99999	1e-05	49.0004	0.642766	0.00148364	4.82752e+21	4.50432e-22	7.51054e+21
0.99999	1e-05	49.2004	0.642744	0.00147793	5.89634e+21	3.68769e-22	9.17371e+21
0.99999	1e-05	49.4004	0.642721	0.00147226	7.20181e+21	3.01912e-22	1.12052e+22
0.99999	1e-05	49.6004	0.642699	0.00146664	8.79631e+21	2.47176e-22	1.36865e+22
0.99999	1e-05	49.8004	0.642677	0.00146106	1.07438e+22	2.02364e-22	1.67173e+22
0.99999	1e-05	50.0004	0.642655	0.00145552	1.31226e+22	1.65676e-22	2.04193e+22
0.99999	1e-05	50.2005	0.642634	0.00145002	1.60295e+22	1.35626e-22	2.49435e+22
0.99999	1e-05	50.4005	0.642612	0.00144456	1.95785e+22	1.11037e-22	3.04671e+22
0.99999	1e-05	50.6005	0.642591	0.00143914	2.39132e+22	9.09067e-23	3.72138e+22
0.99999	1e-05	50.8005	0.64257	0.00143376	2.92077e+22	7.44257e-23	4.54545e+22
0.99999	1e-05	51.0005	0.642549	0.00142842	3.56744e+22	6.09326e-23	5.55201e+22
0.99999	1e-05	51.2005	0.642528	0.00142312	4.35728e+22	4.98858e-23	6.78146e+22
0.99999	1e-05	51.4005	0.642507	0.00141785	5.32199e+22	4.08417e-23	8.28316e+22
0.99999	1e-05	51.6005	0.642487	0.00141263	6.50029e+22	3.34373e-23	1.01174e+23
0.99999	1e-05	51.8005	0.642467	0.00140744	7.93948e+22	2.73753e-23	1.23578e+23
0.99999	1e-05	52.0005	0.642446	0.00140228	9.6973e+22	2.24123e-23	1.50943e+23
0.99999	1e-05	52.2005	0.642426	0.00139717	1.18443e+23	1.83491e-23	1.84368e+23
0.99999	1e-05	52.4005	0.642406	0.00139209	1.44667e+23	1.50225e-23	2.25195e+23
0.99999	1e-05	52.6005	0.642387	0.00138705	1.76696e+23	1.2299e-23	2.75062e+23
0.99999	1e-05	52.8005	0.642367	0.00138204	2.15817e+23	1.00692e-23	3.35972e+23
0.99999	1e-05	53.0005	0.642347	0.00137707	2.636e+23	8.24375e-24	4.1037e+23
0.99999	1e-05	53.2005	0.642328	0.00137213	3.21962e+23	6.74921e-24	5.01242e+23
0.99999	1e-05	53.4005	0.642309	0.00136722	3.93245e+23	5.52562e-24	6.12236e+23
0.99999	1e-05	53.6005	0.64229	0.00136235	4.8031e+23	4.52386e-24	7.47809e+23
0.99999	1e-05	53.8005	0.642271	0.00135752	5.86652e+23	3.70371e-24	9.13403e+23
0.99999	1e-05	54.0005	0.642252	0.00135271	7.16539e+23	3.03226e-24	1.11567e+24
0.99999	1e-05	54.2005	0.642233	0.00134794	8.75182e+23	2.48253e-24	1.36272e+24
0.99999	1e-05	54.4005	0.642215	0.0013432	1.06895e+24	2.03246e-24	1.66447e+24
0.99999	1e-05	54.6005	0.642197	0.0013385	1.30562e+24	1.66399e-24	2.03305e+24
0.99999	1e-05	54.8005	0.642178	0.00133382	1.59469e+24	1.36232e-24	2.48325e+24
0.99999	1e-05	55.0005	0.64216	0.00132918	1.94775e+24	1.11534e-24	3.03313e+24
0.99999	1e-05	55.2005	0.642142	0.00132457	2.37899e+24	9.13141e-25	3.70478e+24
0.99999	1e-05	55.4005	0.642124	0.00131999	2.90571e+24	7.47596e-25	4.52515e+24
0.99999	1e-05	55.6005	0.642107	0.00131544	3.54904e+24	6.12063e-25	5.52718e+24
0.99999	1e-05	55.8005	0.642089	0.00131092	4.33481e+24	5.01101e-25	6.7511e+24
0.99999	1e-05	56.0005	0.642071	0.00130643	5.29455e+24	4.10256e-25	8.24604e+24
0.99999	1e-05	56.2005	0.642054	0.00130197	6.46677e+24	3.3588e-25	1.0072e+25
0.99999	1e-05	56.4005	0.642037	0.00129754	7.89853e+24	2.74988e-25	1.23023e+25
0.99999	1e-05	56.6005	0.64202	0.00129313	9.64729e+24	2.25135e-25	1.50265e+25
0.99999	1e-05	56.8005	0.642003	0.00128876	1.17832e+25	1.8432e-25	1.83539e+25
0.99999	1e-05	57.0005	0.641986	0.00128442	1.43921e+25	1.50904e-25	2.24181e+25
0.99999	1e-05	57.2005	0.641969	0.0012801	1.75785e+25	1.23547e-25	2.73822e+25
0.99999	1e-05	57.4005	0.641952	0.00127581	2.14704e+25	1.01149e-25	3.34455e+25
0.99999	1e-05	57.6005	0.641936	0.00127155	2.62241e+25	8.28117e-26	4.08515e+25
0.99999	1e-05	57.8005	0.641919	0.00126732	3.20301e+25	6.77987e-26	4.98975e+25
0.99999	1e-05	58.0005	0.641903	0.00126311	3.91217e+25	5.55075e-26	6.09465e+25
0.99999	1e-05	58.2005	0.641886	0.00125893	4.77833e+25	4.54445e-26	7.4442e+25
0.99999	1e-05	58.4005	0.64187	0.00125478	5.83627e+25	3.72059e-26	9.0926e+25
0.99999	1e-05	58.6005	0.641854	0.00125065	7.12844e+25	3.04609e-26	1.1106e+26
0.99999	1e-05	58.8005	0.641838	0.00124655	8.70669e+25	2.49386e-26	1.35652e+26
0.99999	1e-05	59.0005	0.641822	0.00124248	1.06344e+26	2.04175e-26	1.6569e+26
0.99999	1e-05	59.2005	0.641807	0.00123843	1.29889e+26	1.6716e-26	2.0238e+26
0.99999	1e-05	59.4005	0.641791	0.00123441	1.58646e+26	1.36856e-26	2.47193e+26
0.99999	1e-05	59.6005	0.641776	0.00123041	1.93771e+26	1.12045e-26	3.0193e+26
0.99999	1e-05	59.8005	0.64176	0.00122644	2.36672e+26	9.17329e-27	3.68786e+26
0.99999	1e-05	60.0005	0.641745	0.00122249	2.89072e+26	7.51027e-27	4.50447e+26
0.99999	1e-05	60.2006	0.64173	0.00121856	3.53109e+26	6.14813e-27	5.50246e+26
0.99999	1e-05	60.4006	0.641715	0.00121466	4.31288e+26	5.03355e-27	6.72088e+26
0.99999	1e-05	60.6006	0.6417	0.00121078	5.26777e+26	4.12102e-27	8.20909e+26
0.99999	1e-05	60.8006	0.641685	0.00120693	6.43407e+26	3.37393e-27	1.00268e+27
0.99999	1e-05	61.0006	0.64167	0.0012031	7.85859e+26	2.76228e-27	1.22471e+27
0.99999	1e-05	61.2006	0.641655	0.0011993	9.5985e+26	2.26151e-27	1.4959e+27
0.99999	1e-05	61.4006	0.64164	0.00119551	1.17236e+27	1.85152e-27	1.82713e+27
0.99999	1e-05	61.6006	0.641626	0.00119175	1.43193e+27	1.51587e-27	2.23172e+27
0.99999	1e-05	61.8006	0.641611	0.00118802	1.74896e+27	1.24106e-27	2.72589e+27
0.99999	1e-05	62.0006	0.641597	0.0011843	2.13619e+27	1.01607e-27	3.32948e+27
0.99999	1e-05	62.2006	0.641583	0.00118061	2.60914e+27	8.31869e-28	4.06673e+27
0.99999	1e-05	62.4006	0.641569	0.00117694	3.18681e+27	6.81061e-28	4.96722e+27
0.99999	1e-05	62.6006	0.641554	0.00117329	3.89238e+27	5.57594e-28	6.06711e+27
0.99999	1e-05	62.8006	0.64154	0.00116966	4.75417e+27	4.56509e-28	7.41055e+27
0.99999	1e-05	63.0006	0.641527	0.00116606	5.80675e+27	3.7375e-28	9.05146e+27
0.99999	1e-05	63.2006	0.641513	0.00116247	7.09239e+27	3.05994e-28	1.10557e+28
0.99999	1e-05	63.4006	0.641499	0.00115891	8.66266e+27	2.50521e-28	1.35038e+28
0.99999	1e-05	63.6006	0.641485	0.00115537	1.05806e+28	2.05105e-28	1.64939e+28
0.99999	1e-05	63.8006	0.641472	0.00115184	1.29232e+28	1.67922e-28	2.01461e+28
0.99999	1e-05	64.0006	0.641458	0.00114834	1.57844e+28	1.3748e-28	2.46071e+28
0.99999	1e-05	64.2006	0.641445	0.00114486	1.92791e+28	1.12557e-28	3.00558e+28
0.99999	1e-05	64.4006	0.641431	0.0011414	2.35476e+28	9.21519e-29	3.67109e+28
0.99999	1e-05	64.6006	0.641418	0.00113796	2.8761e+28	7.54461e-29	4.48398e+28
0.99999	1e-05	64.8006	0.641405	0.00113454	3.51288e+28	6.17687e-29	5.47685e+28
0.99999	1e-05	65.0006	0.641392	0.00113114	4.29064e+28	5.05709e-29	6.68958e+28
0.99999	1e-05	65.2006	0.641379	0.00112776	5.2406e+28	4.14031e-29	8.17084e+28
0.99999	1e-05	65.4006	0.641366	0.00112439	6.40089e+28	3.38973e-29	9.98009e+28
0.99999	1e-05	65.6006	0.641353	0.00112105	7.81806e+28	2.77522e-29	1.219e+29
0.99999	1e-05	65.8006	0.64134	0.00111773	9.549e+28	2.27212e-29	1.48891e+29
0.99999	1e-05	66.0006	0.641328	0.00111442	1.16632e+29	1.86021e-29	1.8186e+29
0.99999	1e-05	66.2006	0.641315	0.00111113	1.42454e+29	1.52298e-29	2.22129e+29
0.99999	1e-05	66.4006	0.641302	0.00110786	1.73994e+29	1.24689e-29	2.71314e+29
0.99999	1e-05	66.6006	0.64129	0.00110461	2.12517e+29	1.02085e-29	3.3139e+29
0.99999	1e-05	66.8006	0.641278	0.00110138	2.59569e+29	8.35783e-30	4.04768e+29
0.99999	1e-05	67.0006	0.641265	0.00109817	3.17038e+29	6.84268e-30	4.94395e+29
0.99999	1e-05	67.2006	0.641253	0.00109497	3.87231e+29	5.60221e-30	6.03867e+29
0.99999	1e-05	67.4006	0.641241	0.00109179	4.72965e+29	4.58661e-30	7.37578e+29
0.99999	1e-05	67.6006	0.641229	0.00108863	5.77681e+29	3.75513e-30	9.00897e+29
0.99999	1e-05	67.8006	0.641217	0.00108549	7.05581e+29	3.07438e-30	1.10038e+30
0.99999	1e-05	68.0006	0.641205	0.00108236	8.61799e+29	2.51704e-30	1.34403e+30
0.99999	1e-05	68.2006	0.641193	0.00107925	1.0526e+30	2.06074e-30	1.64163e+30
0.99999	1e-05	68.4006	0.641181	0.00107616	1.28565e+30	1.68716e-30	2.00513e+30
0.99999	1e-05	68.6006	0.641169	0.00107308	1.5703e+30	1.38131e-30	2.44912e+30
0.99999	1e-05	68.8006	0.641157	0.00107002	1.91797e+30	1.1309e-30	2.99142e+30
0.99999	1e-05	69.0006	0.641146	0.00106698	2.34261e+30	9.25883e-31	3.65379e+30
0.99999	1e-05	69.2006	0.641134	0.00106396	2.86127e+30	7.58036e-31	4.46283e+30
0.99999	1e-05	69.4006	0.641123	0.00106095	3.49477e+30	6.20616e-31	5.45101e+30
0.99999	1e-05	69.6006	0.641111	0.00105795	4.26852e+30	5.08108e-31	6.658e+30
0.99999	1e-05	69.8006	0.6411	0.00105497	5.21358e+30	4.15996e-31	8.13224e+30
0.99999	1e-05	70.0006	0.641088	0.00105201	6.36788e+30	3.40583e-31	9.93292e+30
0.99999	1e-05	70.2007	0.641077	0.00104907	7.77852e+30	2.78813e-31	1.21335e+31
0.99999	1e-05	70.4007	0.641066	0.00104614	9.50071e+30	2.28269e-31	1.48202e+31
0.99999	1e-05	70.6007	0.641055	0.00104322	1.16042e+31	1.86887e-31	1.81017e+31
0.99999	1e-05	70.8007	0.641044	0.00104032	1.41734e+31	1.53008e-31	2.21099e+31
0.99999	1e-05	71.0007	0.641033	0.00103744	1.73114e+31	1.2527e-31	2.70055e+31
0.99999	1e-05	71.2007	0.641022	0.00103457	2.11442e+31	1.02561e-31	3.29852e+31
0.99999	1e-05	71.4007	0.641011	0.00103171	2.58256e+31	8.39682e-32	4.02889e+31
0.99999	1e-05	71.6007	0.641	0.00102887	3.15435e+31	6.87462e-32	4.92098e+31
0.99999	1e-05	71.8007	0.640989	0.00102605	3.85273e+31	5.62837e-32	6.0106e+31
0.99999	1e-05	72.0007	0.640979	0.00102324	4.70573e+31	4.60804e-32	7.34148e+31
0.99999	1e-05	72.2007	0.640968	0.00102045	5.74759e+31	3.77268e-32	8.96705e+31
0.99999	1e-05	72.4007	0.640957	0.00101766	7.02013e+31	3.08876e-32	1.09526e+32
0.99999	1e-05	72.6007	0.640947	0.0010149	8.5744e+31	2.52882e-32	1.33777e+32
0.99999	1e-05	72.8007	0.640936	0.00101215	1.04728e+32	2.07039e-32	1.63398e+32
0.99999	1e-05	73.0007	0.640926	0.00100941	1.27915e+32	1.69506e-32	1.99579e+32
0.99999	1e-05	73.2007	0.640916	0.00100668	1.56236e+32	1.38778e-32	2.4377e+32
0.99999	1e-05	73.4007	0.640905	0.00100397	1.90827e+32	1.1362e-32	2.97746e+32
0.99999	1e-05	73.6007	0.640895	0.00100128	2.33076e+32	9.30226e-33	3.63673e+32
0.99999	1e-05	73.8007	0.640885	0.000998593	2.8468e+32	7.61593e-33	4.44199e+32
0.99999	1e-05	74.0007	0.640875	0.000995924	3.47709e+32	6.23529e-33	5.42554e+32
0.99999	1e-05	74.2007	0.640865	0.000993268	4.24693e+32	5.10495e-33	6.62687e+32
0.99999	1e-05	74.4007	0.640855	0.000990625	5.18721e+32	4.17951e-33	8.09421e+32
0.99999	1e-05	74.6007	0.640845	0.000987996	6.33567e+32	3.42184e-33	9.88644e+32
0.99999	1e-05	74.8007	0.640835	0.00098538	7.73841e+32	2.80152e-33	1.20755e+33
0.99999	1e-05	75.0007	0.640825	0.000982777	9.45172e+32	2.29366e-33	1.47493e+33
0.99999	1e-05	75.2007	0.640815	0.000980186	1.15444e+33	1.87786e-33	1.80151e+33
0.99999	1e-05	75.4007	0.640805	0.000977609	1.41003e+33	1.53744e-33	2.2004e+33
0.99999	1e-05	75.6007	0.640796	0.000975044	1.72221e+33	1.25873e-33	2.68762e+33
0.99999	1e-05	75.8007	0.640786	0.000972492	2.10352e+33	1.03054e-33	3.28272e+33
0.99999	1e-05	76.0007	0.640776	0.000969953	2.56924e+33	8.43726e-34	4.00958e+33
0.99999	1e-05	76.2007	0.640767	0.000967426	3.13808e+33	6.90774e-34	4.89738e+33
0.99999	1e-05	76.4007	0.640757	0.000964911	3.83286e+33	5.6555e-34	5.98176e+33
0.99999	1e-05	76.6007	0.640748	0.000962409	4.68147e+33	4.63026e-34	7.30625e+33
0.99999	1e-05	76.8007	0.640739	0.000959918	5.71796e+33	3.79088e-34	8.92401e+33
0.99999	1e-05	77.0007	0.640729	0.00095744	6.98393e+33	3.10366e-34	1.09e+34
0.99999	1e-05	77.2007	0.64072	0.000954974	8.53019e+33	2.54103e-34	1.33134e+34
0.99999	1e-05	77.4007	0.640711	0.00095252	1.04188e+34	2.08039e-34	1.62613e+34
0.99999	1e-05	77.6007	0.640701	0.000950077	1.27255e+34	1.70325e-34	1.98619e+34
0.99999	1e-05	77.8007	0.640692	0.000947647	1.5543e+34	1.39449e-34	2.42597e+34
0.99999	1e-05	78.0007	0.640683	0.000945228	1.89843e+34	1.14169e-34	2.96313e+34
0.99999	1e-05	78.2007	0.640674	0.00094282	2.31875e+34	9.34725e-35	3.61923e+34
0.99999	1e-05	78.4007	0.640665	0.000940424	2.83212e+34	7.65278e-35	4.4206e+34
0.99999	1e-05	78.6007	0.640656	0.00093804	3.45916e+34	6.26548e-35	5.3994e+34
0.99999	1e-05	78.8007	0.640647	0.000935666	4.22503e+34	5.12967e-35	6.59494e+34
0.99999	1e-05	79.0007	0.640638	0.000933304	5.16046e+34	4.19976e-35	8.05519e+34
0.99999	1e-05	79.2007	0.640629	0.000930953	6.303e+34	3.43842e-35	9.83877e+34
0.99999	1e-05	79.4007	0.640621	0.000928614	7.6985e+34	2.8151e-35	1.20173e+35
0.99999	1e-05	79.6007	0.640612	0.000926285	9.40298e+34	2.30478e-35	1.46781e+35
0.99999	1e-05	79.8007	0.640603	0.000923967	1.14848e+35	1.88697e-35	1.79281e+35
0.99999	1e-05	80.0007	0.640594	0.00092166	1.40276e+35	1.5449e-35	2.18978e+35
0.99999	1e-05	80.2008	0.640586	0.000919362	1.71351e+35	1.26471e-35	2.6749e+35
0.99999	1e-05	80.4008	0.640577	0.000917077	2.09288e+35	1.03545e-35	3.26718e+35
0.99999	1e-05	80.6008	0.640569	0.000914802	2.55625e+35	8.4774e-36	3.99059e+35
0.99999	1e-05	80.8008	0.64056	0.000912537	3.12221e+35	6.94061e-36	4.87419e+35
0.99999	1e-05	81.0008	0.640552	0.000910283	3.81348e+35	5.68242e-36	5.95342e+35
0.99999	1e-05	81.2008	0.640543	0.000908039	4.65779e+35	4.65231e-36	7.27162e+35
0.99999	1e-05	81.4008	0.640535	0.000905806	5.68904e+35	3.80894e-36	8.8817e+35
0.99999	1e-05	81.6008	0.640527	0.000903583	6.94861e+35	3.11845e-36	1.08483e+36
0.99999	1e-05	81.8008	0.640518	0.00090137	8.48705e+35	2.55314e-36	1.32503e+36
0.99999	1e-05	82.0008	0.64051	0.000899167	1.03661e+36	2.09031e-36	1.61841e+36
0.99999	1e-05	82.2008	0.640502	0.000896974	1.26612e+36	1.71138e-36	1.97676e+36
0.99999	1e-05	82.4008	0.640494	0.000894791	1.54644e+36	1.40114e-36	2.41445e+36
0.99999	1e-05	82.6008	0.640486	0.000892618	1.88883e+36	1.14714e-36	2.94905e+36
0.99999	1e-05	82.8008	0.640477	0.000890455	2.30702e+36	9.39188e-37	3.60203e+36
0.99999	1e-05	83.0008	0.640469	0.000888301	2.8178e+36	7.68933e-37	4.39958e+36
0.99999	1e-05	83.2008	0.640461	0.000886158	3.44167e+36	6.29541e-37	5.37373e+36
0.99999	1e-05	83.4008	0.640453	0.000884023	4.20366e+36	5.15418e-37	6.56357e+36
0.99999	1e-05	83.6008	0.640446	0.000881899	5.13436e+36	4.21984e-37	8.01686e+36
0.99999	1e-05	83.8008	0.640438	0.000879784	6.27113e+36	3.45487e-37	9.79194e+36
0.99999	1e-05	84.0008	0.64043	0.000877678	7.65957e+36	2.82857e-37	1.196e+37
0.99999	1e-05	84.2008	0.640422	0.000875581	9.35542e+36	2.31581e-37	1.46082e+37
0.99999	1e-05	84.4008	0.640414	0.000873494	1.14267e+37	1.896e-37	1.78427e+37
0.99999	1e-05	84.6008	0.640406	0.000871416	1.39566e+37	1.5523e-37	2.17934e+37
0.99999	1e-05	84.8008	0.640399	0.000869348	1.70467e+37	1.2709e-37	2.66189e+37
0.99999	1e-05	85.0008	0.640391	0.000867288	2.08209e+37	1.04051e-37	3.25127e+37
0.99999	1e-05	85.2008	0.640383	0.000865237	2.54307e+37	8.51887e-38	3.97116e+37
0.99999	1e-05	85.4008	0.640376	0.000863196	3.10611e+37	6.97458e-38	4.85045e+37
0.99999	1e-05	85.6008	0.640368	0.000861163	3.79381e+37	5.71024e-38	5.92442e+37
0.99999	1e-05	85.8008	0.640361	0.000859139	4.63377e+37	4.67509e-38	7.23619e+37
0.99999	1e-05	86.0008	0.640353	0.000857124	5.6597e+37	3.8276e-38	8.8384e+37
0.99999	1e-05	86.2008	0.640346	0.000855118	6.91277e+37	3.13373e-38	1.07954e+38
0.99999	1e-05	86.4008	0.640338	0.00085312	8.44328e+37	2.56566e-38	1.31857e+38
0.99999	1e-05	86.6008	0.640331	0.000851131	1.03126e+38	2.10056e-38	1.61052e+38
0.99999	1e-05	86.8008	0.640324	0.000849151	1.25959e+38	1.71977e-38	1.96711e+38
0.99999	1e-05	87.0008	0.640316	0.000847179	1.53847e+38	1.40801e-38	2.40267e+38
0.99999	1e-05	87.2008	0.640309	0.000845216	1.87909e+38	1.15277e-38	2.93466e+38
0.99999	1e-05	87.4008	0.640302	0.000843261	2.29512e+38	9.43798e-39	3.58444e+38
0.99999	1e-05	87.6008	0.640295	0.000841314	2.80327e+38	7.72708e-39	4.37809e+38
0.99999	1e-05	87.8008	0.640287	0.000839376	3.42392e+38	6.32632e-39	5.34747e+38
0.99999	1e-05	88.0008	0.64028	0.000837445	4.18198e+38	5.1795e-39	6.53149e+38
0.99999	1e-05	88.2008	0.640273	0.000835523	5.10789e+38	4.24057e-39	7.97767e+38
0.99999	1e-05	88.4008	0.640266	0.00083361	6.23879e+38	3.47184e-39	9.74405e+38
0.99999	1e-05	88.6008	0.640259	0.000831704	7.62007e+38	2.84247e-39	1.19015e+39
0.99999	1e-05	88.8008	0.640252	0.000829806	9.30718e+38	2.3272e-39	1.45367e+39
0.99999	1e-05	89.0008	0.640245	0.000827916	1.13678e+39	1.90533e-39	1.77554e+39
0.99999	1e-05	89.2008	0.640238	0.000826034	1.38847e+39	1.55993e-39	2.16867e+39
0.99999	1e-05	89.4008	0.640231	0.00082416	1.69588e+39	1.27715e-39	2.64885e+39
0.99999	1e-05	89.6008	0.640224	0.000822294	2.07135e+39	1.04563e-39	3.23535e+39
0.99999	1e-05	89.8008	0.640217	0.000820436	2.52995e+39	8.56081e-40	3.95171e+39
0.99999	1e-05	90.0008	0.640211	0.000818585	3.09009e+39	7.00893e-40	4.82668e+39
0.99999	1e-05	90.2009	0.640204	0.000816741	3.77462e+39	5.73779e-40	5.89597e+39
0.99999	1e-05	90.4009	0.640197	0.000814906	4.61034e+39	4.69765e-40	7.20143e+39
0.99999	1e-05	90.6009	0.64019	0.000813078	5.63108e+39	3.84607e-40	8.79594e+39
0.99999	1e-05	90.8009	0.640184	0.000811258	6.87781e+39	3.14887e-40	1.07435e+40
0.99999	1e-05	91.0009	0.640177	0.000809445	8.40058e+39	2.57805e-40	1.31223e+40
0.99999	1e-05	91.2009	0.64017	0.000807639	1.02605e+40	2.1107e-40	1.60278e+40
0.99999	1e-05	91.4009	0.640164	0.000805841	1.25322e+40	1.72808e-40	1.95765e+40
0.99999	1e-05	91.6009	0.640157	0.000804051	1.53069e+40	1.41482e-40	2.39111e+40
0.99999	1e-05	91.8009	0.64015	0.000802267	1.86958e+40	1.15834e-40	2.92054e+40
0.99999	1e-05	92.0009	0.640144	0.000800491	2.28351e+40	9.48361e-41	3.56719e+40
0.99999	1e-05	92.2009	0.640137	0.000798722	2.78909e+40	7.76445e-41	4.35702e+40
0.99999	1e-05	92.4009	0.640131	0.000796961	3.4066e+40	6.35693e-41	5.32173e+40
0.99999	1e-05	92.6009	0.640125	0.000795206	4.16083e+40	5.20456e-41	6.50004e+40
0.99999	1e-05	92.8009	0.640118	0.000793458	5.08205e+40	4.26109e-41	7.93925e+40
0.99999	1e-05	93.0009	0.640112	0.000791718	6.20724e+40	3.48865e-41	9.69711e+40
0.99999	1e-05	93.2009	0.640105	0.000789984	7.58153e+40	2.85624e-41	1.18442e+41
0.99999	1e-05	93.4009	0.640099	0.000788258	9.26011e+40	2.33847e-41	1.44667e+41
0.99999	1e-05	93.6009	0.640093	0.000786538	1.13103e+41	1.91456e-41	1.76698e+41
0.99999	1e-05	93.8009	0.640086	0.000784825	1.38145e+41	1.56749e-41	2.15822e+41
0.99999	1e-05	94.0009	0.64008	0.000783119	1.6873e+41	1.28334e-41	2.63608e+41
0.99999	1e-05	94.2009	0.640074	0.000781419	2.06087e+41	1.0507e-41	3.21974e+41
0.99999	1e-05	94.4009	0.640068	0.000779727	2.51716e+41	8.60232e-42	3.93264e+41
0.99999	1e-05	94.6009	0.640062	0.000778041	3.07446e+41	7.04291e-42	4.80339e+41
0.99999	1e-05	94.8009	0.640055	0.000776362	3.75516e+41	5.76619e-42	5.86693e+41
0.99999	1e-05	95.0009	0.640049	0.000774689	4.58656e+41	4.72092e-42	7.16595e+41
0.99999	1e-05	95.2009	0.640043	0.000773023	5.60204e+41	3.86512e-42	8.75259e+41
0.99999	1e-05	95.4009	0.640037	0.000771363	6.84234e+41	3.16446e-42	1.06905e+42
0.99999	1e-05	95.6009	0.640031	0.00076971	8.35726e+41	2.59082e-42	1.30576e+42
0.99999	1e-05	95.8009	0.640025	0.000768064	1.02076e+42	2.12116e-42	1.59487e+42
0.99999	1e-05	96.0009	0.640019	0.000766424	1.24676e+42	1.73665e-42	1.948e+42
0.99999	1e-05	96.2009	0.640013	0.00076479	1.52279e+42	1.42183e-42	2.37931e+42
0.99999	1e-05	96.4009	0.640007	0.000763162	1.85994e+42	1.16409e-42	2.90613e+42
0.99999	1e-05	96.6009	0.640001	0.000761541	2.27174e+42	9.53065e-43	3.54958e+42
0.99999	1e-05	96.8009	0.639996	0.000759926	2.77471e+42	7.80296e-43	4.33551e+42
0.99999	1e-05	97.0009	0.63999	0.000758317	3.38904e+42	6.38847e-43	5.29545e+42
0.99999	1e-05	97.2009	0.639984	0.000756715	4.13938e+42	5.23039e-43	6.46794e+42
0.99999	1e-05	97.4009	0.639978	0.000755118	5.05585e+42	4.28224e-43	7.90003e+42
0.99999	1e-05	97.6009	0.639972	0.000753528	6.17523e+42	3.50597e-43	9.64921e+42
0.99999	1e-05	97.8009	0.639967	0.000751944	7.54244e+42	2.87042e-43	1.17857e+43
0.99999	1e-05	98.0009	0.639961	0.000750366	9.21235e+42	2.35008e-43	1.43952e+43
0.99999	1e-05	98.2009	0.639955	0.000748793	1.1252e+43	1.92407e-43	1.75825e+43
0.99999	1e-05	98.4009	0.639949	0.000747227	1.37432e+43	1.57528e-43	2.14755e+43
0.99999	1e-05	98.6009	0.639944	0.000745667	1.6786e+43	1.28972e-43	2.62304e+43
0.99999	1e-05	98.8009	0.639938	0.000744112	2.05025e+43	1.05592e-43	3.20382e+43
0.99999	1e-05	99.0009	0.639932	0.000742564	2.50418e+43	8.64508e-44	3.91319e+43
0.99999	1e-05	99.2009	0.639927	0.000741021	3.05861e+43	7.07793e-44	4.77962e+43
0.99999	1e-05	99.4009	0.639921	0.000739484	3.73579e+43	5.79487e-44	5.8379e+43
0.99999	1e-05	99.6009	0.639916	0.000737953	4.56291e+43	4.7444e-44	7.13048e+43
0.99999	1e-05	99.8009	0.63991	0.000736428	5.57315e+43	3.88435e-44	8.70927e+43
0.99999	1e-05	100	0.639905	0.000734915	6.80094e+43	3.18307e-44	1.0628e+44
