
1E-08 -309.911 14.3717 7.404E-06 -0.0748508
1.49182E-08 611.52 14.1004 9.71096E-06 -0.0748508
2.22554E-08 572.781 13.83 1.27259E-05 -0.0748508
3.32012E-08 58.1083 13.5602 1.66675E-05 -0.0748508
4.95303E-08 -110.682 13.2908 2.18216E-05 -0.0748508
7.38906E-08 -392.923 13.0216 2.85623E-05 -0.0748508
1.10232E-07 -807.982 12.7526 3.73789E-05 -0.0748508
1.64446E-07 -481.469 12.4837 4.89114E-05 -0.0748508
2.45325E-07 -19.3694 12.2148 6.39973E-05 -0.0748507
3.65982E-07 63.6424 11.9461 8.37319E-05 -0.0748507
5.45982E-07 354.184 11.6773 0.000109548 -0.0748506
8.14509E-07 -298.843 11.4086 0.000143321 -0.0748505
1.2151E-06 686.233 11.1399 0.000187503 -0.0748504
1.81272E-06 199.229 10.8712 0.000245302 -0.0748501
2.70426E-06 570.017 10.6025 0.000320915 -0.0748498
4.03429E-06 58.1087 10.3338 0.000419835 -0.0748493
6.01845E-06 315.449 10.0651 0.000549244 -0.0748485
8.97847E-06 550.655 9.7965 0.00071854 -0.0748474
1.33943E-05 83.014 9.5278 0.000940018 -0.0748457
1.9982E-05 481.488 9.2591 0.00122976 -0.0748432
2.98096E-05 323.765 8.9904 0.00160881 -0.0748395
4.44707E-05 -661.386 8.7217 0.00210469 -0.0748339
6.63424E-05 254.603 8.453 0.0027534 -0.0748256
9.89713E-05 -561.824 8.1843 0.00360206 -0.0748132
0.000147648 498.218 7.9156 0.00471226 -0.0747947
0.000220265 249.145 7.6469 0.00616462 -0.0747671
0.000328596 202.128 7.3781 0.00806454 -0.0747261
0.000490208 138.489 7.1093 0.0105499 -0.074665
0.000731304 58.1933 6.8405 0.0138008 -0.0745741
0.00109098 607.311 6.5715 0.0180531 -0.074439
0.00162755 -124.924 6.3024 0.0236147 -0.0742386
0.00242802 233.566 6.0331 0.0308876 -0.073942
0.00362217 97.5525 5.7636 0.0403967 -0.0735041
0.00540365 -279.721 5.4935 0.0528262 -0.07286
0.0080613 -466.828 5.2228 0.0690664 -0.0719175
1E-08 -309.911 14.3717 7.404E-06 -0.0748508
1.49182E-08 611.52 14.1004 9.71096E-06 -0.0748508
2.22554E-08 572.781 13.83 1.27259E-05 -0.0748508
3.32012E-08 58.1083 13.5602 1.66675E-05 -0.0748508
4.95303E-08 -110.682 13.2908 2.18216E-05 -0.0748508
7.38906E-08 -392.923 13.0216 2.85623E-05 -0.0748508
1.10232E-07 -807.982 12.7526 3.73789E-05 -0.0748508
1.64446E-07 -481.469 12.4837 4.89114E-05 -0.0748508
2.45325E-07 -19.3694 12.2148 6.39973E-05 -0.0748507
3.65982E-07 63.6424 11.9461 8.37319E-05 -0.0748507
5.45982E-07 354.184 11.6773 0.000109548 -0.0748506
8.14509E-07 -298.843 11.4086 0.000143321 -0.0748505
1.2151E-06 686.233 11.1399 0.000187503 -0.0748504
1.81272E-06 199.229 10.8712 0.000245302 -0.0748501
2.70426E-06 570.017 10.6025 0.000320915 -0.0748498
4.03429E-06 58.1087 10.3338 0.000419835 -0.0748493
6.01845E-06 315.449 10.0651 0.000549244 -0.0748485
8.97847E-06 550.655 9.7965 0.00071854 -0.0748474
1.33943E-05 83.014 9.5278 0.000940018 -0.0748457
1.9982E-05 481.488 9.2591 0.00122976 -0.0748432
2.98096E-05 323.765 8.9904 0.00160881 -0.0748395
4.44707E-05 -661.386 8.7217 0.00210469 -0.0748339
6.63424E-05 254.603 8.453 0.0027534 -0.0748256
9.89713E-05 -561.824 8.1843 0.00360206 -0.0748132
0.000147648 498.218 7.9156 0.00471226 -0.0747947
0.000220265 249.145 7.6469 0.00616462 -0.0747671
0.000328596 202.128 7.3781 0.00806454 -0.0747261
0.000490208 138.489 7.1093 0.0105499 -0.074665
0.000731304 58.1933 6.8405 0.0138008 -0.0745741
0.00109098 607.311 6.5715 0.0180531 -0.074439
0.00162755 -124.924 6.3024 0.0236147 -0.0742386
0.00242802 233.566 6.0331 0.0308876 -0.073942
0.00362217 97.5525 5.7636 0.0403967 -0.0735041
0.00540365 -279.721 5.4935 0.0528262 -0.07286
0.0080613 -466.828 5.2228 0.0690664 -0.0719175
1E-08 -309.911 14.3717 7.404E-06 -0.0748508
1.49182E-08 611.52 14.1004 9.71096E-06 -0.0748508
2.22554E-08 572.781 13.83 1.27259E-05 -0.0748508
3.32012E-08 58.1083 13.5602 1.66675E-05 -0.0748508
4.95303E-08 -110.682 13.2908 2.18216E-05 -0.0748508
7.38906E-08 -392.923 13.0216 2.85623E-05 -0.0748508
1.10232E-07 -807.982 12.7526 3.73789E-05 -0.0748508
1.64446E-07 -481.469 12.4837 4.89114E-05 -0.0748508
2.45325E-07 -19.3694 12.2148 6.39973E-05 -0.0748507
3.65982E-07 63.6424 11.9461 8.37319E-05 -0.0748507
5.45982E-07 354.184 11.6773 0.000109548 -0.0748506
8.14509E-07 -298.843 11.4086 0.000143321 -0.0748505
1.2151E-06 686.233 11.1399 0.000187503 -0.0748504
1.81272E-06 199.229 10.8712 0.000245302 -0.0748501
2.70426E-06 570.017 10.6025 0.000320915 -0.0748498
4.03429E-06 58.1087 10.3338 0.000419835 -0.0748493
6.01845E-06 315.449 10.0651 0.000549244 -0.0748485
8.97847E-06 550.655 9.7965 0.00071854 -0.0748474
1.33943E-05 83.014 9.5278 0.000940018 -0.0748457
1.9982E-05 481.488 9.2591 0.00122976 -0.0748432
2.98096E-05 323.765 8.9904 0.00160881 -0.0748395
4.44707E-05 -661.386 8.7217 0.00210469 -0.0748339
6.63424E-05 254.603 8.453 0.0027534 -0.0748256
9.89713E-05 -561.824 8.1843 0.00360206 -0.0748132
0.000147648 498.218 7.9156 0.00471226 -0.0747947
0.000220265 249.145 7.6469 0.00616462 -0.0747671
0.000328596 202.128 7.3781 0.00806454 -0.0747261
0.000490208 138.489 7.1093 0.0105499 -0.074665
0.000731304 58.1933 6.8405 0.0138008 -0.0745741
0.00109098 607.311 6.5715 0.0180531 -0.074439
0.00162755 -124.924 6.3024 0.0236147 -0.0742386
0.00242802 233.566 6.0331 0.0308876 -0.073942
0.00362217 97.5525 5.7636 0.0403967 -0.0735041
0.00540365 -279.721 5.4935 0.0528262 -0.07286
0.0080613 -466.828 5.2228 0.0690664 -0.0719175
1E-08 -309.911 14.3717 7.404E-06 -0.0748508
1.49182E-08 611.52 14.1004 9.71096E-06 -0.0748508
2.22554E-08 572.781 13.83 1.27259E-05 -0.0748508
3.32012E-08 58.1083 13.5602 1.66675E-05 -0.0748508
4.95303E-08 -110.682 13.2908 2.18216E-05 -0.0748508
7.38906E-08 -392.923 13.0216 2.85623E-05 -0.0748508
1.10232E-07 -807.982 12.7526 3.73789E-05 -0.0748508
1.64446E-07 -481.469 12.4837 4.89114E-05 -0.0748508
2.45325E-07 -19.3694 12.2148 6.39973E-05 -0.0748507
3.65982E-07 63.6424 11.9461 8.37319E-05 -0.0748507
5.45982E-07 354.184 11.6773 0.000109548 -0.0748506
8.14509E-07 -298.843 11.4086 0.000143321 -0.0748505
1.2151E-06 686.233 11.1399 0.000187503 -0.0748504
1.81272E-06 199.229 10.8712 0.000245302 -0.0748501
2.70426E-06 570.017 10.6025 0.000320915 -0.0748498
4.03429E-06 58.1087 10.3338 0.000419835 -0.0748493
6.01845E-06 315.449 10.0651 0.000549244 -0.0748485
8.97847E-06 550.655 9.7965 0.00071854 -0.0748474
1.33943E-05 83.014 9.5278 0.000940018 -0.0748457
1.9982E-05 481.488 9.2591 0.00122976 -0.0748432
2.98096E-05 323.765 8.9904 0.00160881 -0.0748395
4.44707E-05 -661.386 8.7217 0.00210469 -0.0748339
6.63424E-05 254.603 8.453 0.0027534 -0.0748256
9.89713E-05 -561.824 8.1843 0.00360206 -0.0748132
0.000147648 498.218 7.9156 0.00471226 -0.0747947
0.000220265 249.145 7.6469 0.00616462 -0.0747671
0.000328596 202.128 7.3781 0.00806454 -0.0747261
0.000490208 138.489 7.1093 0.0105499 -0.074665
0.000731304 58.1933 6.8405 0.0138008 -0.0745741
0.00109098 607.311 6.5715 0.0180531 -0.074439
0.00162755 -124.924 6.3024 0.0236147 -0.0742386
0.00242802 233.566 6.0331 0.0308876 -0.073942
0.00362217 97.5525 5.7636 0.0403967 -0.0735041
0.00540365 -279.721 5.4935 0.0528262 -0.07286
0.0080613 -466.828 5.2228 0.0690664 -0.0719175
1E-08 -309.911 14.3717 7.404E-06 -0.0748508
1.49182E-08 611.52 14.1004 9.71096E-06 -0.0748508
2.22554E-08 572.781 13.83 1.27259E-05 -0.0748508
3.32012E-08 58.1083 13.5602 1.66675E-05 -0.0748508
4.95303E-08 -110.682 13.2908 2.18216E-05 -0.0748508
7.38906E-08 -392.923 13.0216 2.85623E-05 -0.0748508
1.10232E-07 -807.982 12.7526 3.73789E-05 -0.0748508
1.64446E-07 -481.469 12.4837 4.89114E-05 -0.0748508
2.45325E-07 -19.3694 12.2148 6.39973E-05 -0.0748507
3.65982E-07 63.6424 11.9461 8.37319E-05 -0.0748507
5.45982E-07 354.184 11.6773 0.000109548 -0.0748506
8.14509E-07 -298.843 11.4086 0.000143321 -0.0748505
1.2151E-06 686.233 11.1399 0.000187503 -0.0748504
1.81272E-06 199.229 10.8712 0.000245302 -0.0748501
2.70426E-06 570.017 10.6025 0.000320915 -0.0748498
4.03429E-06 58.1087 10.3338 0.000419835 -0.0748493
6.01845E-06 315.449 10.0651 0.000549244 -0.0748485
8.97847E-06 550.655 9.7965 0.00071854 -0.0748474
1.33943E-05 83.014 9.5278 0.000940018 -0.0748457
1.9982E-05 481.488 9.2591 0.00122976 -0.0748432
2.98096E-05 323.765 8.9904 0.00160881 -0.0748395
4.44707E-05 -661.386 8.7217 0.00210469 -0.0748339
6.63424E-05 254.603 8.453 0.0027534 -0.0748256
9.89713E-05 -561.824 8.1843 0.00360206 -0.0748132
0.000147648 498.218 7.9156 0.00471226 -0.0747947
0.000220265 249.145 7.6469 0.00616462 -0.0747671
0.000328596 202.128 7.3781 0.00806454 -0.0747261
0.000490208 138.489 7.1093 0.0105499 -0.074665
0.000731304 58.1933 6.8405 0.0138008 -0.0745741
0.00109098 607.311 6.5715 0.0180531 -0.074439
0.00162755 -124.924 6.3024 0.0236147 -0.0742386
0.00242802 233.566 6.0331 0.0308876 -0.073942
0.00362217 97.5525 5.7636 0.0403967 -0.0735041
0.00540365 -279.721 5.4935 0.0528262 -0.07286
0.0080613 -466.828 5.2228 0.0690664 -0.0719175
1E-08 155.529 14.4354 1.04424E-05 -0.0532385
1.49182E-08 101.033 14.1774 1.35152E-05 -0.0532385
2.22554E-08 161.04 13.9161 1.75526E-05 -0.0532385
3.32012E-08 213.088 13.6523 2.28499E-05 -0.0532385
4.95303E-08 26.9421 13.387 2.97936E-05 -0.0532385
7.38906E-08 200.229 13.1205 3.88898E-05 -0.0532385
1.10232E-07 93.0727 12.8534 5.08002E-05 -0.0532385
1.64446E-07 205.127 12.5857 6.63913E-05 -0.0532384
2.45325E-07 171.45 12.3177 8.67962E-05 -0.0532384
3.65982E-07 334.94 12.0495 0.000113498 -0.0532384
5.45982E-07 109.605 11.7811 0.000148436 -0.0532383
8.14509E-07 152.468 11.5126 0.000194149 -0.0532383
1.2151E-06 120.015 11.2441 0.000253956 -0.0532381
1.81272E-06 16.5327 10.9755 0.000332203 -0.0532379
2.70426E-06 55.1091 10.7069 0.00043457 -0.0532377
4.03429E-06 182.473 10.4383 0.000568494 -0.0532373
6.01845E-06 377.806 10.1696 0.0007437 -0.0532367
8.97847E-06 144.51 9.901 0.000972911 -0.0532358
1.33943E-05 110.833 9.6323 0.00127277 -0.0532344
1.9982E-05 -16.5333 9.3636 0.00166506 -0.0532324
2.98096E-05 116.348 9.0949 0.00217826 -0.0532294
4.44707E-05 -64.2994 8.8263 0.00284963 -0.0532249
6.63424E-05 14.0852 8.5576 0.00372792 -0.0532183
9.89713E-05 -12.2488 8.2889 0.00487688 -0.0532083
0.000147648 34.9126 8.0202 0.00637991 -0.0531935
0.000220265 77.799 7.7515 0.00834605 -0.0531715
0.000328596 -35.5379 7.4828 0.0109179 -0.0531386
0.000490208 42.2916 7.214 0.0142819 -0.0530896
0.000731304 -52.1235 6.9452 0.0186815 -0.0530168
0.00109098 157.71 6.6764 0.0244349 -0.0529086
0.00162755 -146.822 6.4075 0.031957 -0.0527481
0.00242802 -27.6887 6.1385 0.0417885 -0.0525104
0.00362217 -32.6894 5.8692 0.0546326 -0.0521595
0.00540365 108.324 5.5998 0.0714005 -0.0516434
0.0080613 -15.5578 5.3299 0.0932675 -0.0508884
1E-08 60395.9 14.4354 1.04424E-05 -0.0532385
1.49182E-08 22056.7 14.1774 1.35152E-05 -0.0532385
2.22554E-08 6952.23 13.9161 1.75526E-05 -0.0532385
3.32012E-08 1723.46 13.6523 2.28499E-05 -0.0532385
4.95303E-08 307.116 13.387 2.97936E-05 -0.0532385
7.38906E-08 91.4378 13.1205 3.88898E-05 -0.0532385
1.10232E-07 88.9579 12.8534 5.08002E-05 -0.0532385
1.64446E-07 89.4907 12.5857 6.63913E-05 -0.0532384
2.45325E-07 84.286 12.3177 8.67962E-05 -0.0532384
3.65982E-07 83.9553 12.0495 0.000113498 -0.0532384
5.45982E-07 79.4303 11.7811 0.000148436 -0.0532383
8.14509E-07 78.4751 11.5126 0.000194149 -0.0532383
1.2151E-06 74.789 11.2441 0.000253956 -0.0532381
1.81272E-06 74.1645 10.9755 0.000332203 -0.0532379
2.70426E-06 72.4012 10.7069 0.00043457 -0.0532377
4.03429E-06 69.0519 10.4383 0.000568494 -0.0532373
6.01845E-06 69.9523 10.1696 0.0007437 -0.0532367
8.97847E-06 65.9665 9.901 0.000972911 -0.0532358
1.33943E-05 61.6011 9.6323 0.00127277 -0.0532344
1.9982E-05 59.9302 9.3636 0.00166506 -0.0532324
2.98096E-05 59.5762 9.0949 0.00217826 -0.0532294
4.44707E-05 55.7506 8.8263 0.00284963 -0.0532249
6.63424E-05 52.6176 8.5576 0.00372792 -0.0532183
9.89713E-05 50.1774 8.2889 0.00487688 -0.0532083
0.000147648 47.5117 8.0202 0.00637991 -0.0531935
0.000220265 46.3853 7.7515 0.00834605 -0.0531715
0.000328596 42.572 7.4828 0.0109179 -0.0531386
0.000490208 40.4528 7.214 0.0142819 -0.0530896
0.000731304 36.7194 6.9452 0.0186815 -0.0530168
0.00109098 35.764 6.6764 0.0244349 -0.0529086
0.00162755 33.8612 6.4075 0.031957 -0.0527481
0.00242802 30.3038 6.1385 0.0417885 -0.0525104
0.00362217 27.4282 5.8692 0.0546326 -0.0521595
0.00540365 26.5733 5.5998 0.0714005 -0.0516434
0.0080613 23.4799 5.3299 0.0932675 -0.0508884
1E-08 -309.911 14.3717 7.404E-06 -0.0748508
1.49182E-08 611.52 14.1004 9.71096E-06 -0.0748508
2.22554E-08 572.781 13.83 1.27259E-05 -0.0748508
3.32012E-08 58.1083 13.5602 1.66675E-05 -0.0748508
4.95303E-08 -110.682 13.2908 2.18216E-05 -0.0748508
7.38906E-08 -392.923 13.0216 2.85623E-05 -0.0748508
1.10232E-07 -807.982 12.7526 3.73789E-05 -0.0748508
1.64446E-07 -481.469 12.4837 4.89114E-05 -0.0748508
2.45325E-07 -19.3694 12.2148 6.39973E-05 -0.0748507
3.65982E-07 63.6424 11.9461 8.37319E-05 -0.0748507
5.45982E-07 354.184 11.6773 0.000109548 -0.0748506
8.14509E-07 -298.843 11.4086 0.000143321 -0.0748505
1.2151E-06 686.233 11.1399 0.000187503 -0.0748504
1.81272E-06 199.229 10.8712 0.000245302 -0.0748501
2.70426E-06 570.017 10.6025 0.000320915 -0.0748498
4.03429E-06 58.1087 10.3338 0.000419835 -0.0748493
6.01845E-06 315.449 10.0651 0.000549244 -0.0748485
8.97847E-06 550.655 9.7965 0.00071854 -0.0748474
1.33943E-05 83.014 9.5278 0.000940018 -0.0748457
1.9982E-05 481.488 9.2591 0.00122976 -0.0748432
2.98096E-05 323.765 8.9904 0.00160881 -0.0748395
4.44707E-05 -661.386 8.7217 0.00210469 -0.0748339
6.63424E-05 254.603 8.453 0.0027534 -0.0748256
9.89713E-05 -561.824 8.1843 0.00360206 -0.0748132
0.000147648 498.218 7.9156 0.00471226 -0.0747947
0.000220265 249.145 7.6469 0.00616462 -0.0747671
0.000328596 202.128 7.3781 0.00806454 -0.0747261
0.000490208 138.489 7.1093 0.0105499 -0.074665
0.000731304 58.1933 6.8405 0.0138008 -0.0745741
0.00109098 607.311 6.5715 0.0180531 -0.074439
0.00162755 -124.924 6.3024 0.0236147 -0.0742386
0.00242802 233.566 6.0331 0.0308876 -0.073942
0.00362217 97.5525 5.7636 0.0403967 -0.0735041
0.00540365 -279.721 5.4935 0.0528262 -0.07286
0.0080613 -466.828 5.2228 0.0690664 -0.0719175
1E-08 -309.911 14.3717 7.404E-06 -0.0748508
1.49182E-08 611.52 14.1004 9.71096E-06 -0.0748508
2.22554E-08 572.781 13.83 1.27259E-05 -0.0748508
3.32012E-08 58.1083 13.5602 1.66675E-05 -0.0748508
4.95303E-08 -110.682 13.2908 2.18216E-05 -0.0748508
7.38906E-08 -392.923 13.0216 2.85623E-05 -0.0748508
1.10232E-07 -807.982 12.7526 3.73789E-05 -0.0748508
1.64446E-07 -481.469 12.4837 4.89114E-05 -0.0748508
2.45325E-07 -19.3694 12.2148 6.39973E-05 -0.0748507
3.65982E-07 63.6424 11.9461 8.37319E-05 -0.0748507
5.45982E-07 354.184 11.6773 0.000109548 -0.0748506
8.14509E-07 -298.843 11.4086 0.000143321 -0.0748505
1.2151E-06 686.233 11.1399 0.000187503 -0.0748504
1.81272E-06 199.229 10.8712 0.000245302 -0.0748501
2.70426E-06 570.017 10.6025 0.000320915 -0.0748498
4.03429E-06 58.1087 10.3338 0.000419835 -0.0748493
6.01845E-06 315.449 10.0651 0.000549244 -0.0748485
8.97847E-06 550.655 9.7965 0.00071854 -0.0748474
1.33943E-05 83.014 9.5278 0.000940018 -0.0748457
1.9982E-05 481.488 9.2591 0.00122976 -0.0748432
2.98096E-05 323.765 8.9904 0.00160881 -0.0748395
4.44707E-05 -661.386 8.7217 0.00210469 -0.0748339
6.63424E-05 254.603 8.453 0.0027534 -0.0748256
9.89713E-05 -561.824 8.1843 0.00360206 -0.0748132
0.000147648 498.218 7.9156 0.00471226 -0.0747947
0.000220265 249.145 7.6469 0.00616462 -0.0747671
0.000328596 202.128 7.3781 0.00806454 -0.0747261
0.000490208 138.489 7.1093 0.0105499 -0.074665
0.000731304 58.1933 6.8405 0.0138008 -0.0745741
0.00109098 607.311 6.5715 0.0180531 -0.074439
0.00162755 -124.924 6.3024 0.0236147 -0.0742386
0.00242802 233.566 6.0331 0.0308876 -0.073942
0.00362217 97.5525 5.7636 0.0403967 -0.0735041
0.00540365 -279.721 5.4935 0.0528262 -0.07286
0.0080613 -466.828 5.2228 0.0690664 -0.0719175
1E-08 -309.911 14.3717 7.404E-06 -0.0748508
1.49182E-08 611.52 14.1004 9.71096E-06 -0.0748508
2.22554E-08 572.781 13.83 1.27259E-05 -0.0748508
3.32012E-08 58.1083 13.5602 1.66675E-05 -0.0748508
4.95303E-08 -110.682 13.2908 2.18216E-05 -0.0748508
7.38906E-08 -392.923 13.0216 2.85623E-05 -0.0748508
1.10232E-07 -807.982 12.7526 3.73789E-05 -0.0748508
1.64446E-07 -481.469 12.4837 4.89114E-05 -0.0748508
2.45325E-07 -19.3694 12.2148 6.39973E-05 -0.0748507
3.65982E-07 63.6424 11.9461 8.37319E-05 -0.0748507
5.45982E-07 354.184 11.6773 0.000109548 -0.0748506
8.14509E-07 -298.843 11.4086 0.000143321 -0.0748505
1.2151E-06 686.233 11.1399 0.000187503 -0.0748504
1.81272E-06 199.229 10.8712 0.000245302 -0.0748501
2.70426E-06 570.017 10.6025 0.000320915 -0.0748498
4.03429E-06 58.1087 10.3338 0.000419835 -0.0748493
6.01845E-06 315.449 10.0651 0.000549244 -0.0748485
8.97847E-06 550.655 9.7965 0.00071854 -0.0748474
1.33943E-05 83.014 9.5278 0.000940018 -0.0748457
1.9982E-05 481.488 9.2591 0.00122976 -0.0748432
2.98096E-05 323.765 8.9904 0.00160881 -0.0748395
4.44707E-05 -661.386 8.7217 0.00210469 -0.0748339
6.63424E-05 254.603 8.453 0.0027534 -0.0748256
9.89713E-05 -561.824 8.1843 0.00360206 -0.0748132
0.000147648 498.218 7.9156 0.00471226 -0.0747947
0.000220265 249.145 7.6469 0.00616462 -0.0747671
0.000328596 202.128 7.3781 0.00806454 -0.0747261
0.000490208 138.489 7.1093 0.0105499 -0.074665
0.000731304 58.1933 6.8405 0.0138008 -0.0745741
0.00109098 607.311 6.5715 0.0180531 -0.074439
0.00162755 -124.924 6.3024 0.0236147 -0.0742386
0.00242802 233.566 6.0331 0.0308876 -0.073942
0.00362217 97.5525 5.7636 0.0403967 -0.0735041
0.00540365 -279.721 5.4935 0.0528262 -0.07286
0.0080613 -466.828 5.2228 0.0690664 -0.0719175
