
1E-08 -309.911 14.3717 7.404E-06 -0.0748508
1.49182E-08 611.52 14.1004 9.71096E-06 -0.0748508   X
2.22554E-08 572.781 13.83 1.27259E-05 -0.0748508
3.32012E-08 58.1083 13.5602 1.66675E-05 -0.0748508
4.95303E-08 -110.682 13.2908 2.18216E-05 -0.0748508
7.38906E-08 -392.923 13.0216 2.85623E-05 -0.0748508 X
1.10232E-07 -807.982 12.7526 3.73789E-05 -0.0748508
1.64446E-07 -481.469 12.4837 4.89114E-05 -0.0748508
2.45325E-07 -19.3694 12.2148 6.39973E-05 -0.0748507 X
3.65982E-07 63.6424 11.9461 8.37319E-05 -0.0748507
5.45982E-07 354.184 11.6773 0.000109548 -0.0748506  X
8.14509E-07 -298.843 11.4086 0.000143321 -0.0748505
1.2151E-06 686.233 11.1399 0.000187503 -0.0748504
1.81272E-06 199.229 10.8712 0.000245302 -0.0748501
2.70426E-06 570.017 10.6025 0.000320915 -0.0748498
4.03429E-06 58.1087 10.3338 0.000419835 -0.0748493
6.01845E-06 315.449 10.0651 0.000549244 -0.0748485  X
8.97847E-06 550.655 9.7965 0.00071854 -0.0748474
1.33943E-05 83.014 9.5278 0.000940018 -0.0748457
1.9982E-05 481.488 9.2591 0.00122976 -0.0748432
2.98096E-05 323.765 8.9904 0.00160881 -0.0748395    X
4.44707E-05 -661.386 8.7217 0.00210469 -0.0748339   X
6.63424E-05 254.603 8.453 0.0027534 -0.0748256      X
9.89713E-05 -561.824 8.1843 0.00360206 -0.0748132
0.000147648 498.218 7.9156 0.00471226 -0.0747947
0.000220265 249.145 7.6469 0.00616462 -0.0747671
0.000328596 202.128 7.3781 0.00806454 -0.0747261
0.000490208 138.489 7.1093 0.0105499 -0.074665
0.000731304 58.1933 6.8405 0.0138008 -0.0745741     X
0.00109098 607.311 6.5715 0.0180531 -0.074439
0.00162755 -124.924 6.3024 0.0236147 -0.0742386     X
0.00242802 233.566 6.0331 0.0308876 -0.073942       X
0.00362217 97.5525 5.7636 0.0403967 -0.0735041
0.00540365 -279.721 5.4935 0.0528262 -0.07286
0.0080613 -466.828 5.2228 0.0690664 -0.0719175

real    0m15.921s
user    0m15.433s
sys     0m0.016s

real    0m12.313s
user    0m12.253s
sys     0m0.032s