1-T/Tc	l	K	y	F	a	Kr/K0	a0/Kr
1e-08	14.2856	5.00017	6.75029e-06	-0.0532385	4.04835e+06	1.01079e-05	809642
1.25893e-08	14.131	5.00048	6.75209e-06	-0.0532385	3.46845e+06	1.17986e-05	693625
1.58489e-08	13.9763	5.00029	6.75098e-06	-0.0532385	2.97133e+06	1.37721e-05	594231
1.99526e-08	13.8216	5.0001	6.74987e-06	-0.0532385	2.54545e+06	1.60757e-05	509081
2.51189e-08	13.667	5.00041	6.75167e-06	-0.0532385	2.18084e+06	1.87645e-05	436132
3.16228e-08	13.5123	5.00022	6.75057e-06	-0.0532385	1.86826e+06	2.19031e-05	373636
3.98107e-08	13.3576	5.00003	6.74946e-06	-0.0532385	1.60049e+06	2.55667e-05	320096
5.01187e-08	13.203	5.00033	6.75126e-06	-0.0532385	1.37123e+06	2.98431e-05	274228
6.30957e-08	13.0483	5.00014	6.75015e-06	-0.0532385	1.1747e+06	3.48348e-05	234932
7.94328e-08	12.8937	5.00045	6.75196e-06	-0.0532385	1.00643e+06	4.06613e-05	201268
1e-07	12.739	5.00026	6.75085e-06	-0.0532385	862180	4.74625e-05	172427
1.25893e-07	12.5843	5.00007	6.74974e-06	-0.0532385	738606	5.54012e-05	147719
1.58489e-07	12.4297	5.00038	6.75155e-06	-0.0532385	632806	6.46678e-05	126552
1.99526e-07	12.275	5.00019	6.75044e-06	-0.0532384	542107	7.54844e-05	108417
2.51189e-07	12.1203	5	6.74934e-06	-0.0532384	464408	8.81101e-05	92881.6
3.16228e-07	11.9657	5.00031	6.75114e-06	-0.0532384	397885	0.000102848	79572.1
3.98107e-07	11.811	5.00012	6.75003e-06	-0.0532384	340857	0.00012005	68169.8
5.01187e-07	11.6564	5.00043	6.75184e-06	-0.0532383	292032	0.00014013	58401.4
6.30957e-07	11.5017	5.00024	6.75073e-06	-0.0532383	250176	0.000163569	50032.7
7.94328e-07	11.347	5.00005	6.74963e-06	-0.0532383	214319	0.000190928	42863.3
1e-06	11.1924	5.00036	6.75143e-06	-0.0532382	183619	0.000222863	36721.2
1.25893e-06	11.0377	5.00017	6.75033e-06	-0.0532381	157301	0.00026014	31459.2
1.58489e-06	10.8831	5.00048	6.75213e-06	-0.053238	134769	0.000303652	26951.2
1.99526e-06	10.7284	5.0003	6.75103e-06	-0.0532379	115453	0.000354442	23089.2
2.51189e-06	10.5737	5.00011	6.74993e-06	-0.0532377	98905.4	0.000413727	19780.7
3.16228e-06	10.4191	5.00042	6.75174e-06	-0.0532375	84738	0.000482928	16946.2
3.98107e-06	10.2644	5.00023	6.75065e-06	-0.0532373	72592.7	0.000563704	14517.9
5.01187e-06	10.1097	5.00004	6.74956e-06	-0.053237	62188.1	0.00065799	12437.5
6.30957e-06	9.9551	5.00035	6.75138e-06	-0.0532366	53280.2	0.000768047	10655.3
7.94328e-06	9.8004	5.00017	6.75029e-06	-0.0532361	45643.6	0.000896513	9128.42
1e-05	9.6458	5.00048	6.75212e-06	-0.0532355	39105.5	0.00104647	7820.35
1.25893e-05	9.4911	5.0003	6.75105e-06	-0.0532347	33500.6	0.0012215	6699.72
1.58489e-05	9.3364	5.00012	6.74998e-06	-0.0532337	28699.1	0.00142581	5739.68
1.99526e-05	9.1818	5.00043	6.75184e-06	-0.0532324	24588.1	0.00166429	4917.2
2.51189e-05	9.0271	5.00026	6.7508e-06	-0.0532308	21064	0.00194266	4212.58
3.16228e-05	8.8724	5.00008	6.74978e-06	-0.0532289	18044.9	0.00226759	3608.92
3.98107e-05	8.7178	5.00041	6.75169e-06	-0.0532264	15460.1	0.00264686	3091.77
5.01187e-05	8.5631	5.00024	6.75072e-06	-0.0532232	13244.3	0.00308956	2648.72
6.30957e-05	8.4084	5.00008	6.74979e-06	-0.0532193	11346	0.00360631	2269.16
7.94328e-05	8.2538	5.00043	6.7518e-06	-0.0532143	9720.76	0.00420947	1943.99
0.0001	8.0991	5.00029	6.75097e-06	-0.053208	8327.51	0.00491351	1665.41
0.000125893	7.9444	5.00015	6.7502e-06	-0.0532002	7133.94	0.00573528	1426.74
0.000158489	7.7897	5.00004	6.74952e-06	-0.0531902	6111.45	0.00669446	1222.28
0.000199526	7.6351	5.00044	6.75186e-06	-0.0531778	5236.03	0.00781402	1047.11
0.000251189	7.4804	5.00037	6.75143e-06	-0.0531621	4485.56	0.00912077	897.047
0.000316228	7.3257	5.00032	6.75117e-06	-0.0531423	3842.66	0.010646	768.481
0.000398107	7.171	5.00032	6.75113e-06	-0.0531175	3291.9	0.0124261	658.337
0.000501187	7.0163	5.00036	6.75136e-06	-0.0530863	2820.08	0.0145037	563.974
0.000630957	6.8616	5.00047	6.75193e-06	-0.0530471	2415.88	0.0169284	483.131
0.000794328	6.7068	5.00014	6.75001e-06	-0.0529978	2069.41	0.0197581	413.87
0.001	6.5521	5.00042	6.75153e-06	-0.052936	1772.81	0.0230603	354.532
0.00125893	6.3973	5.00031	6.75081e-06	-0.0528583	1518.56	0.0269137	303.694
0.00158489	6.2425	5.00035	6.75091e-06	-0.0527608	1300.78	0.0314097	260.138
0.00199526	6.0876	5.00008	6.74912e-06	-0.0526387	1114.12	0.036655	222.82
0.00251189	5.9327	5.00004	6.74861e-06	-0.0524856	954.244	0.0427738	190.847
0.00316228	5.7778	5.0003	6.74966e-06	-0.0522942	817.311	0.0499102	163.452
0.00398107	5.6228	5.00043	6.74973e-06	-0.0520549	699.957	0.0582316	139.979
0.00501187	5.4676	5.00002	6.74637e-06	-0.0517562	599.334	0.0679323	119.866
0.00630957	5.3124	5.00019	6.74592e-06	-0.0513842	513.176	0.0792367	102.631
0.00794328	5.157	5.00008	6.74317e-06	-0.0509215	439.316	0.0924043	87.8618
