

*******************************************************************************
Thu May 21 16:53:59 2009


FIT:    data read from 'RhosAmps.dat' using 2:4
        #datapoints = 14
        residuals are weighted equally (unit weight)

function used for fitting: f(x)
fitted parameters initialized with current variable values



 Iteration 0
 WSSR        : 8255.04           delta(WSSR)/WSSR   : 0
 delta(WSSR) : 0                 limit for stopping : 1e-05
 lambda	  : 1.08279

initial set of free parameter values

a               = 1
b               = 1
c               = 1
d               = 1
e               = 1

After 6 iterations the fit converged.
final sum of squares of residuals : 0.628964
rel. change during last iteration : -5.53514e-08

degrees of freedom    (FIT_NDF)                        : 9
rms of residuals      (FIT_STDFIT) = sqrt(WSSR/ndf)    : 0.264358
variance of residuals (reduced chisquare) = WSSR/ndf   : 0.0698849

Final set of parameters            Asymptotic Standard Error
=======================            ==========================

a               = -90.2594         +/- 3.275        (3.628%)
b               = 439.992          +/- 22           (5%)
c               = -586.841         +/- 50.07        (8.532%)
d               = 387.088          +/- 45.37        (11.72%)
e               = -96.7363         +/- 13.74        (14.2%)


correlation matrix of the fit parameters:

               a      b      c      d      e      
a               1.000 
b              -0.996  1.000 
c               0.984 -0.996  1.000 
d              -0.971  0.988 -0.998  1.000 
e               0.959 -0.980  0.993 -0.999  1.000 


*******************************************************************************
Thu May 21 17:05:19 2009


FIT:    data read from 'RhosAmps.dat' using 2:4
        #datapoints = 14
        residuals are weighted equally (unit weight)

function used for fitting: f(x)
fitted parameters and initial values from file: FitPdep_K0c.par



 Iteration 0
 WSSR        : 10859.5           delta(WSSR)/WSSR   : 0
 delta(WSSR) : 0                 limit for stopping : 1e-05
 lambda	  : 0.447197

initial set of free parameter values

a               = 0.3
b               = 0.01
c               = 1e-30
d               = 1e-30
e               = 1e-30
f               = 1e-30
g               = 1e-30

After 3 iterations the fit converged.
final sum of squares of residuals : 873.448
rel. change during last iteration : -2.04875e-07

degrees of freedom    (FIT_NDF)                        : 7
rms of residuals      (FIT_STDFIT) = sqrt(WSSR/ndf)    : 11.1704
variance of residuals (reduced chisquare) = WSSR/ndf   : 124.778

BREAK:          Singular matrix in Invert_RtR



*******************************************************************************
Thu May 21 17:06:49 2009


FIT:    data read from 'RhosAmps.dat' using 2:4
        #datapoints = 14
        residuals are weighted equally (unit weight)

function used for fitting: f(x)
fitted parameters and initial values from file: FitPdep_K0c.par



 Iteration 0
 WSSR        : 10859.5           delta(WSSR)/WSSR   : 0
 delta(WSSR) : 0                 limit for stopping : 1e-05
 lambda	  : 0.529131

initial set of free parameter values

a               = 0.3
b               = 0.01
c               = 1e-30
d               = 1e-30
e               = 1e-30

After 3 iterations the fit converged.
final sum of squares of residuals : 873.448
rel. change during last iteration : -7.04246e-07

degrees of freedom    (FIT_NDF)                        : 9
rms of residuals      (FIT_STDFIT) = sqrt(WSSR/ndf)    : 9.85138
variance of residuals (reduced chisquare) = WSSR/ndf   : 97.0498

BREAK:          Singular matrix in Invert_RtR



*******************************************************************************
Thu May 21 17:07:13 2009


FIT:    data read from 'RhosAmps.dat' using 2:4
        #datapoints = 14
        residuals are weighted equally (unit weight)

function used for fitting: f(x)
fitted parameters and initial values from file: FitPdep_K0c.par



 Iteration 0
 WSSR        : 8994.04           delta(WSSR)/WSSR   : 0
 delta(WSSR) : 0                 limit for stopping : 1e-05
 lambda	  : 1.08279

initial set of free parameter values

a               = 0.3
b               = 0.01
c               = 1
d               = 1
e               = 1

After 6 iterations the fit converged.
final sum of squares of residuals : 0.628964
rel. change during last iteration : -5.53885e-08

degrees of freedom    (FIT_NDF)                        : 9
rms of residuals      (FIT_STDFIT) = sqrt(WSSR/ndf)    : 0.264358
variance of residuals (reduced chisquare) = WSSR/ndf   : 0.0698849

Final set of parameters            Asymptotic Standard Error
=======================            ==========================

a               = -90.2594         +/- 3.275        (3.628%)
b               = 439.992          +/- 22           (5%)
c               = -586.841         +/- 50.07        (8.532%)
d               = 387.088          +/- 45.37        (11.72%)
e               = -96.7363         +/- 13.74        (14.2%)


correlation matrix of the fit parameters:

               a      b      c      d      e      
a               1.000 
b              -0.996  1.000 
c               0.984 -0.996  1.000 
d              -0.971  0.988 -0.998  1.000 
e               0.959 -0.980  0.993 -0.999  1.000 


*******************************************************************************
Thu May 21 17:08:42 2009


FIT:    data read from 'RhosAmps.dat' using 2:4
        #datapoints = 14
        residuals are weighted equally (unit weight)

function used for fitting: f(x)
fitted parameters initialized with current variable values



 Iteration 0
 WSSR        : 458047            delta(WSSR)/WSSR   : 0
 delta(WSSR) : 0                 limit for stopping : 1e-05
 lambda	  : 0.836629

initial set of free parameter values

a               = -90.2594
b               = 439.992

After 4 iterations the fit converged.
final sum of squares of residuals : 873.448
rel. change during last iteration : -2.79932e-12

degrees of freedom    (FIT_NDF)                        : 12
rms of residuals      (FIT_STDFIT) = sqrt(WSSR/ndf)    : 8.53155
variance of residuals (reduced chisquare) = WSSR/ndf   : 72.7873

Final set of parameters            Asymptotic Standard Error
=======================            ==========================

a               = -9.73694         +/- 4.268        (43.84%)
b               = 54.8015          +/- 6.75         (12.32%)


correlation matrix of the fit parameters:

               a      b      
a               1.000 
b              -0.845  1.000 


*******************************************************************************
Thu May 21 17:10:22 2009


FIT:    data read from 'RhosAmps.dat' using 4:2
        #datapoints = 14
        residuals are weighted equally (unit weight)

function used for fitting: f(x)
fitted parameters initialized with current variable values



 Iteration 0
 WSSR        : 3.28005e+07       delta(WSSR)/WSSR   : 0
 delta(WSSR) : 0                 limit for stopping : 1e-05
 lambda	  : 19.8577

initial set of free parameter values

a               = -9.73694
b               = 54.8015

After 5 iterations the fit converged.
final sum of squares of residuals : 0.246046
rel. change during last iteration : -4.04553e-11

degrees of freedom    (FIT_NDF)                        : 12
rms of residuals      (FIT_STDFIT) = sqrt(WSSR/ndf)    : 0.143192
variance of residuals (reduced chisquare) = WSSR/ndf   : 0.0205038

Final set of parameters            Asymptotic Standard Error
=======================            ==========================

a               = 0.232645         +/- 0.05336      (22.94%)
b               = 0.0154373        +/- 0.001901     (12.32%)


correlation matrix of the fit parameters:

               a      b      
a               1.000 
b              -0.697  1.000 


*******************************************************************************
Thu May 21 17:11:58 2009


FIT:    data read from 'RhosAmps.dat' using 4:2
        #datapoints = 14
        residuals are weighted equally (unit weight)

function used for fitting: f(x)
fitted parameters initialized with current variable values



 Iteration 0
 WSSR        : 2.72786e+18       delta(WSSR)/WSSR   : 0
 delta(WSSR) : 0                 limit for stopping : 1e-05
 lambda	  : 2.18034e+06

initial set of free parameter values

a               = 0.232645
b               = 0.0154373
c               = -586.841
d               = 387.088
e               = -96.7363

After 10 iterations the fit converged.
final sum of squares of residuals : 0.000285538
rel. change during last iteration : -3.01788e-08

degrees of freedom    (FIT_NDF)                        : 9
rms of residuals      (FIT_STDFIT) = sqrt(WSSR/ndf)    : 0.00563263
variance of residuals (reduced chisquare) = WSSR/ndf   : 3.17265e-05

Final set of parameters            Asymptotic Standard Error
=======================            ==========================

a               = 0.30448          +/- 0.002477     (0.8136%)
b               = 0.00493219       +/- 0.0005296    (10.74%)
c               = 0.000219833      +/- 4.881e-05    (22.2%)
d               = -7.05884e-06     +/- 1.388e-06    (19.67%)
e               = 1.13393e-07      +/- 1.19e-08     (10.49%)


correlation matrix of the fit parameters:

               a      b      c      d      e      
a               1.000 
b              -0.014  1.000 
c              -0.282 -0.884  1.000 
d               0.339  0.765 -0.972  1.000 
e              -0.347 -0.679  0.927 -0.988  1.000 


*******************************************************************************
Thu May 21 17:18:38 2009


FIT:    data read from 'RhosAmps.dat' using 4:1
        #datapoints = 14
        residuals are weighted equally (unit weight)

function used for fitting: f(x)
fitted parameters initialized with current variable values



 Iteration 0
 WSSR        : 6.02265           delta(WSSR)/WSSR   : 0
 delta(WSSR) : 0                 limit for stopping : 1e-05
 lambda	  : 2.18034e+06

initial set of free parameter values

a               = 0.30448
b               = 0.00493219
c               = 0.000219833
d               = -7.05884e-06
e               = 1.13393e-07

After 10 iterations the fit converged.
final sum of squares of residuals : 0.000260342
rel. change during last iteration : -1.68477e-09

degrees of freedom    (FIT_NDF)                        : 9
rms of residuals      (FIT_STDFIT) = sqrt(WSSR/ndf)    : 0.00537837
variance of residuals (reduced chisquare) = WSSR/ndf   : 2.89269e-05

Final set of parameters            Asymptotic Standard Error
=======================            ==========================

a               = 1.03826          +/- 0.002365     (0.2278%)
b               = -0.0286533       +/- 0.0005057    (1.765%)
c               = 0.000320182      +/- 4.66e-05     (14.55%)
d               = -1.7136e-06      +/- 1.326e-06    (77.37%)
e               = 1.99812e-09      +/- 1.136e-08    (568.6%)


correlation matrix of the fit parameters:

               a      b      c      d      e      
a               1.000 
b              -0.014  1.000 
c              -0.282 -0.884  1.000 
d               0.339  0.765 -0.972  1.000 
e              -0.347 -0.679  0.927 -0.988  1.000 


*******************************************************************************
Thu May 21 17:33:44 2009


FIT:    data read from 'FitPdep_Tc.dat' using 2:1
        #datapoints = 6
        residuals are weighted equally (unit weight)

function used for fitting: f(x)
fitted parameters initialized with current variable values



 Iteration 0
 WSSR        : 10.1377           delta(WSSR)/WSSR   : 0
 delta(WSSR) : 0                 limit for stopping : 1e-05
 lambda	  : 4468.31

initial set of free parameter values

a               = 1.03826
b               = -0.0286533
c               = 0.000320182
d               = -1.7136e-06

After 8 iterations the fit converged.
final sum of squares of residuals : 1.41439e-09
rel. change during last iteration : -3.78349e-06

degrees of freedom    (FIT_NDF)                        : 2
rms of residuals      (FIT_STDFIT) = sqrt(WSSR/ndf)    : 2.65931e-05
variance of residuals (reduced chisquare) = WSSR/ndf   : 7.07193e-10

Final set of parameters            Asymptotic Standard Error
=======================            ==========================

a               = 2.17344          +/- 4.289e-05    (0.001973%)
b               = -0.00978166      +/- 1.518e-05    (0.1552%)
c               = -0.000125322     +/- 1.284e-06    (1.025%)
d               = -3.21762e-08     +/- 3.017e-08    (93.78%)


correlation matrix of the fit parameters:

               a      b      c      d      
a               1.000 
b              -0.856  1.000 
c               0.756 -0.976  1.000 
d              -0.689  0.937 -0.989  1.000 


*******************************************************************************
Thu Oct 20 17:26:47 2011


FIT:    data read from 'FitPdep_Tc.dat' using 2:1
        format = x:z
        #datapoints = 6
        residuals are weighted equally (unit weight)

function used for fitting: f(x)
fitted parameters initialized with current variable values



 Iteration 0
 WSSR        : 3.06079e+11       delta(WSSR)/WSSR   : 0
 delta(WSSR) : 0                 limit for stopping : 1e-05
 lambda	  : 96950.1

initial set of free parameter values

a               = 1
b               = 1
c               = 1
d               = 1
e               = 1

After 10 iterations the fit converged.
final sum of squares of residuals : 7.78499e-11
rel. change during last iteration : -1.64233e-10

degrees of freedom    (FIT_NDF)                        : 1
rms of residuals      (FIT_STDFIT) = sqrt(WSSR/ndf)    : 8.82326e-06
variance of residuals (reduced chisquare) = WSSR/ndf   : 7.78499e-11

Final set of parameters            Asymptotic Standard Error
=======================            ==========================

a               = 2.17349          +/- 2.003e-05    (0.0009216%)
b               = -0.009825        +/- 1.161e-05    (0.1182%)
c               = -0.000118194     +/- 1.772e-06    (1.499%)
d               = -4.36915e-07     +/- 9.819e-08    (22.47%)
e               = 7.39407e-09      +/- 1.785e-09    (24.13%)


correlation matrix of the fit parameters:

               a      b      c      d      e      
a               1.000 
b              -0.898  1.000 
c               0.812 -0.976  1.000 
d              -0.750  0.938 -0.990  1.000 
e               0.704 -0.901  0.971 -0.995  1.000 
