This is pdfTeXk, Version 3.141592-1.40.3 (Web2C 7.5.6) (format=pdflatex 2009.10.1)  12 FEB 2010 12:47
entering extended mode
 %&-line parsing enabled.
**ProgramPlotsA.tex
(./ProgramPlotsA.tex
LaTeX2e <2005/12/01>
Babel <v3.8h> and hyphenation patterns for english, usenglishmax, dumylang, noh
yphenation, ukrainian, russian, bulgarian, loaded.
(/home/zero/texmf/tex/latex/physnote/classarticle/article.cls
Document Class: article 2004/02/16 v1.4f Standard LaTeX document class
(/usr/share/texmf-texlive/tex/latex/base/size11.clo
File: size11.clo 2005/09/16 v1.4f Standard LaTeX file (size option)
)
\c@part=\count79
\c@section=\count80
\c@subsection=\count81
\c@subsubsection=\count82
\c@paragraph=\count83
\c@subparagraph=\count84
\c@figure=\count85
\c@table=\count86
\abovecaptionskip=\skip41
\belowcaptionskip=\skip42
\bibindent=\dimen102
)
\@input{PhysNote.aux}
\openout2 = `PhysNote.aux'.

(/home/zero/texmf/tex/latex/physnote/PhysNote.tex
(/usr/share/texmf-texlive/tex/latex/base/ifthen.sty
Package: ifthen 2001/05/26 v1.1c Standard LaTeX ifthen package (DPC)
)
(/usr/share/texmf-texlive/tex/latex/geometry/geometry.sty
Package: geometry 2002/07/08 v3.2 Page Geometry

(/usr/share/texmf-texlive/tex/latex/graphics/keyval.sty
Package: keyval 1999/03/16 v1.13 key=value parser (DPC)
\KV@toks@=\toks14
)
\Gm@cnth=\count87
\Gm@cntv=\count88
\c@Gm@tempcnt=\count89
\Gm@bindingoffset=\dimen103
\Gm@wd@mp=\dimen104
\Gm@odd@mp=\dimen105
\Gm@even@mp=\dimen106
\Gm@dimlist=\toks15
)
(/usr/share/texmf-texlive/tex/latex/tools/multicol.sty
Package: multicol 2006/05/18 v1.6g multicolumn formatting (FMi)
\c@tracingmulticols=\count90
\mult@box=\box26
\multicol@leftmargin=\dimen107
\c@unbalance=\count91
\c@collectmore=\count92
\doublecol@number=\count93
\multicoltolerance=\count94
\multicolpretolerance=\count95
\full@width=\dimen108
\page@free=\dimen109
\premulticols=\dimen110
\postmulticols=\dimen111
\multicolsep=\skip43
\multicolbaselineskip=\skip44
\partial@page=\box27
\last@line=\box28
\mult@rightbox=\box29
\mult@grightbox=\box30
\mult@gfirstbox=\box31
\mult@firstbox=\box32
\@tempa=\box33
\@tempa=\box34
\@tempa=\box35
\@tempa=\box36
\@tempa=\box37
\@tempa=\box38
\@tempa=\box39
\@tempa=\box40
\@tempa=\box41
\@tempa=\box42
\@tempa=\box43
\@tempa=\box44
\@tempa=\box45
\@tempa=\box46
\@tempa=\box47
\@tempa=\box48
\@tempa=\box49
\c@columnbadness=\count96
\c@finalcolumnbadness=\count97
\last@try=\dimen112
\multicolovershoot=\dimen113
\multicolundershoot=\dimen114
\mult@nat@firstbox=\box50
\colbreak@box=\box51
)
(/usr/share/texmf-texlive/tex/latex/graphics/graphicx.sty
Package: graphicx 1999/02/16 v1.0f Enhanced LaTeX Graphics (DPC,SPQR)

(/usr/share/texmf-texlive/tex/latex/graphics/graphics.sty
Package: graphics 2006/02/20 v1.0o Standard LaTeX Graphics (DPC,SPQR)

(/usr/share/texmf-texlive/tex/latex/graphics/trig.sty
Package: trig 1999/03/16 v1.09 sin cos tan (DPC)
)
(/etc/texmf/tex/latex/config/graphics.cfg
File: graphics.cfg 2007/01/18 v1.5 graphics configuration of teTeX/TeXLive
)
Package graphics Info: Driver file: pdftex.def on input line 90.

(/usr/share/texmf-texlive/tex/latex/pdftex-def/pdftex.def
File: pdftex.def 2007/01/08 v0.04d Graphics/color for pdfTeX
\Gread@gobject=\count98
))
\Gin@req@height=\dimen115
\Gin@req@width=\dimen116
)
(/usr/share/texmf-texlive/tex/latex/amsmath/amsmath.sty
Package: amsmath 2000/07/18 v2.13 AMS math features
\@mathmargin=\skip45

For additional information on amsmath, use the `?' option.
(/usr/share/texmf-texlive/tex/latex/amsmath/amstext.sty
Package: amstext 2000/06/29 v2.01

(/usr/share/texmf-texlive/tex/latex/amsmath/amsgen.sty
File: amsgen.sty 1999/11/30 v2.0
\@emptytoks=\toks16
\ex@=\dimen117
))
(/usr/share/texmf-texlive/tex/latex/amsmath/amsbsy.sty
Package: amsbsy 1999/11/29 v1.2d
\pmbraise@=\dimen118
)
(/usr/share/texmf-texlive/tex/latex/amsmath/amsopn.sty
Package: amsopn 1999/12/14 v2.01 operator names
)
\inf@bad=\count99
LaTeX Info: Redefining \frac on input line 211.
\uproot@=\count100
\leftroot@=\count101
LaTeX Info: Redefining \overline on input line 307.
\classnum@=\count102
\DOTSCASE@=\count103
LaTeX Info: Redefining \ldots on input line 379.
LaTeX Info: Redefining \dots on input line 382.
LaTeX Info: Redefining \cdots on input line 467.
\Mathstrutbox@=\box52
\strutbox@=\box53
\big@size=\dimen119
LaTeX Font Info:    Redeclaring font encoding OML on input line 567.
LaTeX Font Info:    Redeclaring font encoding OMS on input line 568.
\macc@depth=\count104
\c@MaxMatrixCols=\count105
\dotsspace@=\muskip10
\c@parentequation=\count106
\dspbrk@lvl=\count107
\tag@help=\toks17
\row@=\count108
\column@=\count109
\maxfields@=\count110
\andhelp@=\toks18
\eqnshift@=\dimen120
\alignsep@=\dimen121
\tagshift@=\dimen122
\tagwidth@=\dimen123
\totwidth@=\dimen124
\lineht@=\dimen125
\@envbody=\toks19
\multlinegap=\skip46
\multlinetaggap=\skip47
\mathdisplay@stack=\toks20
LaTeX Info: Redefining \[ on input line 2666.
LaTeX Info: Redefining \] on input line 2667.
)
(/usr/share/texmf-texlive/tex/latex/amscls/amsthm.sty
Package: amsthm 2004/08/06 v2.20
\thm@style=\toks21
\thm@bodyfont=\toks22
\thm@headfont=\toks23
\thm@notefont=\toks24
\thm@headpunct=\toks25
\thm@preskip=\skip48
\thm@postskip=\skip49
\thm@headsep=\skip50
\dth@everypar=\toks26
)
(/usr/share/texmf-texlive/tex/latex/amsfonts/amssymb.sty
Package: amssymb 2002/01/22 v2.2d

(/usr/share/texmf-texlive/tex/latex/amsfonts/amsfonts.sty
Package: amsfonts 2001/10/25 v2.2f
\symAMSa=\mathgroup4
\symAMSb=\mathgroup5
LaTeX Font Info:    Overwriting math alphabet `\mathfrak' in version `bold'
(Font)                  U/euf/m/n --> U/euf/b/n on input line 132.
))
(/home/zero/texmf/tex/latex/jknappen/mathrsfs.sty
Package: mathrsfs 1996/01/01 Math RSFS package v1.0 (jk)
\symrsfs=\mathgroup6
)
(/usr/share/texmf-texlive/tex/latex/tools/verbatim.sty
Package: verbatim 2003/08/22 v1.5q LaTeX2e package for verbatim enhancements
\every@verbatim=\toks27
\verbatim@line=\toks28
\verbatim@in@stream=\read1
)
(/usr/share/texmf-texlive/tex/latex/ltxmisc/url.sty
\Urlmuskip=\muskip11
Package: url 2005/06/27  ver 3.2  Verb mode for urls, etc.
)
(/home/zero/texmf/tex/latex/bezos/accents.sty
Package: accents 2006/05/12 v1.3 Math Accent Tools
\cc@skew=\dimen126
\cc@wd=\dimen127
\cc@code=\count111
\cc@group=\count112
\cc@skewchar=\count113
)
(/home/zero/texmf/tex/latex/bezos/tensind.sty
Package: tensind 1998/05/01 v1.0 Tensorial Indexes
\tsi@dimen=\dimen128
\primes=\dimen129
)
(/home/zero/texmf/tex/latex/SIunits/SIunits.sty
Package: SIunits 2002/08/01 v1.33 Support for the International System of units
 (MH)


\@qskwidth=\skip51
\symgreek=\mathgroup7
(/home/zero/texmf/tex/latex/SIunits/SIunits.cfg)
Option `squaren' provided!
Option `Gray' provided!
Option `noams' provided!
) (/usr/share/texmf-texlive/tex/latex/ltxmisc/cancel.sty
Package: cancel 2000/03/12 v2.1 Cancel math terms
)
(/usr/share/texmf-texlive/tex/latex/ltxmisc/ulem.sty
\UL@box=\box54
\UL@hyphenbox=\box55
\UL@skip=\skip52
\UL@hook=\toks29
\UL@pe=\count114
\UL@pixel=\dimen130
\ULC@box=\box56
Package: ulem 2000/05/26
\ULdepth=\dimen131
))
(/home/zero/texmf/tex/latex/srcltx/srcltx.sty
Package: srcltx 2004/10/05 v1.5 Source specials for inverse search in DVI files

\src@lastline=\count115
\src@new@everypar=\toks30
\src@new@output=\toks31
)
(/usr/share/texmf-texlive/tex/generic/oberdiek/ifpdf.sty
Package: ifpdf 2006/02/20 v1.4 Provides the ifpdf switch (HO)
Package ifpdf Info: pdfTeX in pdf mode detected.
) (./ProgramPlotsA.aux)
\openout1 = `ProgramPlotsA.aux'.

LaTeX Font Info:    Checking defaults for OML/cmm/m/it on input line 12.
LaTeX Font Info:    ... okay on input line 12.
LaTeX Font Info:    Checking defaults for T1/cmr/m/n on input line 12.
LaTeX Font Info:    ... okay on input line 12.
LaTeX Font Info:    Checking defaults for OT1/cmr/m/n on input line 12.
LaTeX Font Info:    ... okay on input line 12.
LaTeX Font Info:    Checking defaults for OMS/cmsy/m/n on input line 12.
LaTeX Font Info:    ... okay on input line 12.
LaTeX Font Info:    Checking defaults for OMX/cmex/m/n on input line 12.
LaTeX Font Info:    ... okay on input line 12.
LaTeX Font Info:    Checking defaults for U/cmr/m/n on input line 12.
LaTeX Font Info:    ... okay on input line 12.
LaTeX Font Info:    Checking defaults for TS1/cmr/m/n on input line 12.
LaTeX Font Info:    Try loading font information for TS1+cmr on input line 12.
(/usr/share/texmf-texlive/tex/latex/base/ts1cmr.fd
File: ts1cmr.fd 1999/05/25 v2.5h Standard LaTeX font definitions
)
LaTeX Font Info:    ... okay on input line 12.
-------------------- Geometry parameters
paper: class default
landscape: --
twocolumn: --
twoside: --
asymmetric: --
h-parts: 54.2025pt, 505.89pt, 54.2025pt
v-parts: 54.2025pt, 704.63249pt, 36.135pt
hmarginratio: --
vmarginratio: --
lines: --
heightrounded: --
bindingoffset: 0.0pt
truedimen: --
includehead: --
includefoot: true
includemp: --
driver: pdftex
-------------------- Page layout dimensions and switches
\paperwidth  614.295pt
\paperheight 794.96999pt
\textwidth  505.89pt
\textheight 668.4975pt
\oddsidemargin  -18.06749pt
\evensidemargin -18.06749pt
\topmargin  -55.06749pt
\headheight 12.0pt
\headsep    25.0pt
\footskip   36.135pt
\marginparwidth 59.0pt
\marginparsep   10.0pt
\columnsep  10.0pt
\skip\footins  10.0pt plus 4.0pt minus 2.0pt
\hoffset 0.0pt
\voffset 0.0pt
\mag 1000

(1in=72.27pt, 1cm=28.45pt)
-----------------------

Option `squaren' provided! 
 Command \squaren defined by SIunits package!

Option `Gray' provided! 
 Command \Gray defined by SIunits package!

(./ProgramPlotsA.toc)
\tf@toc=\write3
\openout3 = `ProgramPlotsA.toc'.

LaTeX Font Info:    Try loading font information for U+msa on input line 27.
 (/usr/share/texmf-texlive/tex/latex/amsfonts/umsa.fd
File: umsa.fd 2002/01/19 v2.2g AMS font definitions
)
LaTeX Font Info:    Try loading font information for U+msb on input line 27.

(/usr/share/texmf-texlive/tex/latex/amsfonts/umsb.fd
File: umsb.fd 2002/01/19 v2.2g AMS font definitions
)
LaTeX Font Info:    Try loading font information for U+rsfs on input line 27.

(/home/zero/texmf/tex/latex/jknappen/ursfs.fd
File: ursfs.fd 1998/03/24 rsfs font definition file (jk)
)
<plot_a0atTcVsPressure.png, id=1, 642.4pt x 481.8pt>
File: plot_a0atTcVsPressure.png Graphic file (type png)

<use plot_a0atTcVsPressure.png>
Overfull \hbox (1.80684pt too wide) in paragraph at lines 38--49
 [][] 
 []

[1



{/var/lib/texmf/fonts/map/pdftex/updmap/pdftex.map} <./plot_a0atTcVsPressure.pn
g (PNG copy)>] <plot_RotonEnergyVsTemp_atTc.png, id=13, 642.4pt x 481.8pt>
File: plot_RotonEnergyVsTemp_atTc.png Graphic file (type png)

<use plot_RotonEnergyVsTemp_atTc.png>
<plot_RotonEnergyAtTcVsPressure.png, id=14, 642.4pt x 481.8pt>
File: plot_RotonEnergyAtTcVsPressure.png Graphic file (type png)

<use plot_RotonEnergyAtTcVsPressure.png>
Overfull \hbox (1.80684pt too wide) in paragraph at lines 56--74
 [][] 
 []

[2 <./plot_RotonEnergyVsTemp_atTc.png (PNG copy)> <./plot_RotonEnergyAtTcVsPres
sure.png (PNG copy)>] (./ProgramPlotsA.aux) ) 
Here is how much of TeX's memory you used:
 3066 strings out of 94834
 37084 string characters out of 1179181
 98697 words of memory out of 1500000
 6190 multiletter control sequences out of 10000+50000
 11125 words of font info for 44 fonts, out of 1200000 for 2000
 212 hyphenation exceptions out of 8191
 31i,12n,33p,476b,290s stack positions out of 5000i,500n,6000p,200000b,5000s
</usr/share/texmf-texlive/fonts/ty
pe1/bluesky/cm/cmbx10.pfb></usr/share/texmf-texlive/fonts/type1/bluesky/cm/cmbx
12.pfb></usr/share/texmf-texlive/fonts/type1/bluesky/cm/cmr10.pfb></usr/share/t
exmf-texlive/fonts/type1/bluesky/cm/cmr12.pfb></usr/share/texmf-texlive/fonts/t
ype1/bluesky/cm/cmsy10.pfb></usr/share/texmf-texlive/fonts/type1/bluesky/cm/cmt
t10.pfb>
Output written on ProgramPlotsA.pdf (2 pages, 53160 bytes).
PDF statistics:
 39 PDF objects out of 1000 (max. 8388607)
 0 named destinations out of 1000 (max. 131072)
 16 words of extra memory for PDF output out of 10000 (max. 10000000)

