

*******************************************************************************
Tue Oct 25 11:57:39 2011


FIT:    data read from '3Dvlt_macro_cp_P00.050_DK05e-07_i47.dat' using 2:9
        format = x:z
	y range restricted to [5.00000e-06 : 0.00100000]
        #datapoints = 13
        residuals are weighted equally (unit weight)

function used for fitting: f1(x)
fitted parameters initialized with current variable values



 Iteration 0
 WSSR        : 369642            delta(WSSR)/WSSR   : 0
 delta(WSSR) : 0                 limit for stopping : 1e-05
 lambda	  : 0.935179

initial set of free parameter values

c1              = 1
d1              = 1

After 6 iterations the fit converged.
final sum of squares of residuals : 0.00732006
rel. change during last iteration : -9.47928e-14

degrees of freedom    (FIT_NDF)                        : 11
rms of residuals      (FIT_STDFIT) = sqrt(WSSR/ndf)    : 0.0257965
variance of residuals (reduced chisquare) = WSSR/ndf   : 0.00066546

Final set of parameters            Asymptotic Standard Error
=======================            ==========================

c1              = -1423.91         +/- 0.3667       (0.02576%)
d1              = 1400.29          +/- 0.3174       (0.02267%)


correlation matrix of the fit parameters:

               c1     d1     
c1              1.000 
d1             -1.000  1.000 


*******************************************************************************
Tue Oct 25 11:57:39 2011


FIT:    data read from '3Dvlt_macro_cp_P01.646_DK05e-07_i47.dat' using 2:9
        format = x:z
	y range restricted to [5.00000e-06 : 0.00100000]
        #datapoints = 13
        residuals are weighted equally (unit weight)

function used for fitting: f2(x)
fitted parameters initialized with current variable values



 Iteration 0
 WSSR        : 374141            delta(WSSR)/WSSR   : 0
 delta(WSSR) : 0                 limit for stopping : 1e-05
 lambda	  : 0.935179

initial set of free parameter values

c2              = 1
d2              = 1

After 6 iterations the fit converged.
final sum of squares of residuals : 0.00566351
rel. change during last iteration : -2.02754e-12

degrees of freedom    (FIT_NDF)                        : 11
rms of residuals      (FIT_STDFIT) = sqrt(WSSR/ndf)    : 0.0226906
variance of residuals (reduced chisquare) = WSSR/ndf   : 0.000514865

Final set of parameters            Asymptotic Standard Error
=======================            ==========================

c2              = -1433.46         +/- 0.3226       (0.0225%)
d2              = 1409.56          +/- 0.2792       (0.01981%)


correlation matrix of the fit parameters:

               c2     d2     
c2              1.000 
d2             -1.000  1.000 


*******************************************************************************
Tue Oct 25 11:57:39 2011


FIT:    data read from '3Dvlt_macro_cp_P07.328_DK05e-07_i47.dat' using 2:9
        format = x:z
	y range restricted to [5.00000e-06 : 0.00100000]
        #datapoints = 13
        residuals are weighted equally (unit weight)

function used for fitting: f3(x)
fitted parameters initialized with current variable values



 Iteration 0
 WSSR        : 373757            delta(WSSR)/WSSR   : 0
 delta(WSSR) : 0                 limit for stopping : 1e-05
 lambda	  : 0.935179

initial set of free parameter values

c3              = 1
d3              = 1

After 6 iterations the fit converged.
final sum of squares of residuals : 0.00307123
rel. change during last iteration : -3.59585e-12

degrees of freedom    (FIT_NDF)                        : 11
rms of residuals      (FIT_STDFIT) = sqrt(WSSR/ndf)    : 0.0167094
variance of residuals (reduced chisquare) = WSSR/ndf   : 0.000279203

Final set of parameters            Asymptotic Standard Error
=======================            ==========================

c3              = -1427.2          +/- 0.2375       (0.01664%)
d3              = 1404.07          +/- 0.2056       (0.01464%)


correlation matrix of the fit parameters:

               c3     d3     
c3              1.000 
d3             -1.000  1.000 


*******************************************************************************
Tue Oct 25 11:57:39 2011


FIT:    data read from '3Dvlt_macro_cp_P15.031_DK05e-07_i47.dat' using 2:9
        format = x:z
	y range restricted to [5.00000e-06 : 0.00100000]
        #datapoints = 13
        residuals are weighted equally (unit weight)

function used for fitting: f4(x)
fitted parameters initialized with current variable values



 Iteration 0
 WSSR        : 335159            delta(WSSR)/WSSR   : 0
 delta(WSSR) : 0                 limit for stopping : 1e-05
 lambda	  : 0.935179

initial set of free parameter values

c4              = 1
d4              = 1

After 6 iterations the fit converged.
final sum of squares of residuals : 0.0120732
rel. change during last iteration : -1.35178e-12

degrees of freedom    (FIT_NDF)                        : 11
rms of residuals      (FIT_STDFIT) = sqrt(WSSR/ndf)    : 0.0331295
variance of residuals (reduced chisquare) = WSSR/ndf   : 0.00109756

Final set of parameters            Asymptotic Standard Error
=======================            ==========================

c4              = -1353            +/- 0.471        (0.03481%)
d4              = 1330.99          +/- 0.4076       (0.03063%)


correlation matrix of the fit parameters:

               c4     d4     
c4              1.000 
d4             -1.000  1.000 


*******************************************************************************
Tue Oct 25 11:57:39 2011


FIT:    data read from '3Dvlt_macro_cp_P18.180_DK05e-07_i47.dat' using 2:9
        format = x:z
	y range restricted to [5.00000e-06 : 0.00100000]
        #datapoints = 13
        residuals are weighted equally (unit weight)

function used for fitting: f5(x)
fitted parameters initialized with current variable values



 Iteration 0
 WSSR        : 311880            delta(WSSR)/WSSR   : 0
 delta(WSSR) : 0                 limit for stopping : 1e-05
 lambda	  : 0.935179

initial set of free parameter values

c5              = 1
d5              = 1

After 6 iterations the fit converged.
final sum of squares of residuals : 0.00595414
rel. change during last iteration : -8.98806e-13

degrees of freedom    (FIT_NDF)                        : 11
rms of residuals      (FIT_STDFIT) = sqrt(WSSR/ndf)    : 0.0232655
variance of residuals (reduced chisquare) = WSSR/ndf   : 0.000541286

Final set of parameters            Asymptotic Standard Error
=======================            ==========================

c5              = -1311.24         +/- 0.3308       (0.02522%)
d5              = 1289.24          +/- 0.2863       (0.0222%)


correlation matrix of the fit parameters:

               c5     d5     
c5              1.000 
d5             -1.000  1.000 


*******************************************************************************
Tue Oct 25 11:57:39 2011


FIT:    data read from '3Dvlt_macro_cp_P22.533_DK05e-07_i47.dat' using 2:9
        format = x:z
	y range restricted to [5.00000e-06 : 0.00100000]
        #datapoints = 13
        residuals are weighted equally (unit weight)

function used for fitting: f6(x)
fitted parameters initialized with current variable values



 Iteration 0
 WSSR        : 279066            delta(WSSR)/WSSR   : 0
 delta(WSSR) : 0                 limit for stopping : 1e-05
 lambda	  : 0.935179

initial set of free parameter values

c6              = 1
d6              = 1

After 6 iterations the fit converged.
final sum of squares of residuals : 0.0115319
rel. change during last iteration : -9.85159e-13

degrees of freedom    (FIT_NDF)                        : 11
rms of residuals      (FIT_STDFIT) = sqrt(WSSR/ndf)    : 0.0323782
variance of residuals (reduced chisquare) = WSSR/ndf   : 0.00104835

Final set of parameters            Asymptotic Standard Error
=======================            ==========================

c6              = -1247.06         +/- 0.4603       (0.03691%)
d6              = 1225.42          +/- 0.3984       (0.03251%)


correlation matrix of the fit parameters:

               c6     d6     
c6              1.000 
d6             -1.000  1.000 


*******************************************************************************
Tue Oct 25 11:57:39 2011


FIT:    data read from '3Dvlt_macro_cp_P25.868_DK05e-07_i47.dat' using 2:9
        format = x:z
	y range restricted to [5.00000e-06 : 0.00100000]
        #datapoints = 13
        residuals are weighted equally (unit weight)

function used for fitting: f7(x)
fitted parameters initialized with current variable values



 Iteration 0
 WSSR        : 257066            delta(WSSR)/WSSR   : 0
 delta(WSSR) : 0                 limit for stopping : 1e-05
 lambda	  : 0.935179

initial set of free parameter values

c7              = 1
d7              = 1

After 6 iterations the fit converged.
final sum of squares of residuals : 0.0238796
rel. change during last iteration : -7.6204e-13

degrees of freedom    (FIT_NDF)                        : 11
rms of residuals      (FIT_STDFIT) = sqrt(WSSR/ndf)    : 0.0465927
variance of residuals (reduced chisquare) = WSSR/ndf   : 0.00217088

Final set of parameters            Asymptotic Standard Error
=======================            ==========================

c7              = -1195.12         +/- 0.6624       (0.05542%)
d7              = 1174.67          +/- 0.5733       (0.04881%)


correlation matrix of the fit parameters:

               c7     d7     
c7              1.000 
d7             -1.000  1.000 
